This is pdfTeX, Version 3.1415926-2.5-1.40.14 (TeX Live 2013/Debian) (format=pdflatex 2015.1.5)  19 JAN 2015 13:52
entering extended mode
 restricted \write18 enabled.
 %&-line parsing enabled.
**pb-report.tex
(./pb-report.tex
LaTeX2e <2011/06/27>
Babel <3.9h> and hyphenation patterns for 9 languages loaded.
(/usr/share/texlive/texmf-dist/tex/latex/base/article.cls
Document Class: article 2007/10/19 v1.4h Standard LaTeX document class
(/usr/share/texlive/texmf-dist/tex/latex/base/size10.clo
File: size10.clo 2007/10/19 v1.4h Standard LaTeX file (size option)
)
\c@part=\count79
\c@section=\count80
\c@subsection=\count81
\c@subsubsection=\count82
\c@paragraph=\count83
\c@subparagraph=\count84
\c@figure=\count85
\c@table=\count86
\abovecaptionskip=\skip41
\belowcaptionskip=\skip42
\bibindent=\dimen102
)
(/usr/share/texlive/texmf-dist/tex/latex/graphics/graphicx.sty
Package: graphicx 1999/02/16 v1.0f Enhanced LaTeX Graphics (DPC,SPQR)

(/usr/share/texlive/texmf-dist/tex/latex/graphics/keyval.sty
Package: keyval 1999/03/16 v1.13 key=value parser (DPC)
\KV@toks@=\toks14
)
(/usr/share/texlive/texmf-dist/tex/latex/graphics/graphics.sty
Package: graphics 2009/02/05 v1.0o Standard LaTeX Graphics (DPC,SPQR)

(/usr/share/texlive/texmf-dist/tex/latex/graphics/trig.sty
Package: trig 1999/03/16 v1.09 sin cos tan (DPC)
)
(/usr/share/texlive/texmf-dist/tex/latex/latexconfig/graphics.cfg
File: graphics.cfg 2010/04/23 v1.9 graphics configuration of TeX Live
)
Package graphics Info: Driver file: pdftex.def on input line 91.

(/usr/share/texlive/texmf-dist/tex/latex/pdftex-def/pdftex.def
File: pdftex.def 2011/05/27 v0.06d Graphics/color for pdfTeX

(/usr/share/texlive/texmf-dist/tex/generic/oberdiek/infwarerr.sty
Package: infwarerr 2010/04/08 v1.3 Providing info/warning/error messages (HO)
)
(/usr/share/texlive/texmf-dist/tex/generic/oberdiek/ltxcmds.sty
Package: ltxcmds 2011/11/09 v1.22 LaTeX kernel commands for general use (HO)
)
\Gread@gobject=\count87
))
\Gin@req@height=\dimen103
\Gin@req@width=\dimen104
)
(/usr/share/texlive/texmf-dist/tex/latex/graphics/color.sty
Package: color 2005/11/14 v1.0j Standard LaTeX Color (DPC)

(/usr/share/texlive/texmf-dist/tex/latex/latexconfig/color.cfg
File: color.cfg 2007/01/18 v1.5 color configuration of teTeX/TeXLive
)
Package color Info: Driver file: pdftex.def on input line 130.
)
(/usr/share/texlive/texmf-dist/tex/latex/framed/framed.sty
Package: framed 2011/10/22 v 0.96: framed or shaded text with page breaks
\OuterFrameSep=\skip43
\fb@frw=\dimen105
\fb@frh=\dimen106
\FrameRule=\dimen107
\FrameSep=\dimen108
)
(/usr/share/texlive/texmf-dist/tex/latex/base/alltt.sty
Package: alltt 1997/06/16 v2.0g defines alltt environment
)
(/usr/share/texlive/texmf-dist/tex/latex/base/inputenc.sty
Package: inputenc 2008/03/30 v1.1d Input encoding file
\inpenc@prehook=\toks15
\inpenc@posthook=\toks16

(/usr/share/texlive/texmf-dist/tex/latex/base/utf8.def
File: utf8.def 2008/04/05 v1.1m UTF-8 support for inputenc
Now handling font encoding OML ...
... no UTF-8 mapping file for font encoding OML
Now handling font encoding T1 ...
... processing UTF-8 mapping file for font encoding T1

(/usr/share/texlive/texmf-dist/tex/latex/base/t1enc.dfu
File: t1enc.dfu 2008/04/05 v1.1m UTF-8 support for inputenc
   defining Unicode char U+00A1 (decimal 161)
   defining Unicode char U+00A3 (decimal 163)
   defining Unicode char U+00AB (decimal 171)
   defining Unicode char U+00BB (decimal 187)
   defining Unicode char U+00BF (decimal 191)
   defining Unicode char U+00C0 (decimal 192)
   defining Unicode char U+00C1 (decimal 193)
   defining Unicode char U+00C2 (decimal 194)
   defining Unicode char U+00C3 (decimal 195)
   defining Unicode char U+00C4 (decimal 196)
   defining Unicode char U+00C5 (decimal 197)
   defining Unicode char U+00C6 (decimal 198)
   defining Unicode char U+00C7 (decimal 199)
   defining Unicode char U+00C8 (decimal 200)
   defining Unicode char U+00C9 (decimal 201)
   defining Unicode char U+00CA (decimal 202)
   defining Unicode char U+00CB (decimal 203)
   defining Unicode char U+00CC (decimal 204)
   defining Unicode char U+00CD (decimal 205)
   defining Unicode char U+00CE (decimal 206)
   defining Unicode char U+00CF (decimal 207)
   defining Unicode char U+00D0 (decimal 208)
   defining Unicode char U+00D1 (decimal 209)
   defining Unicode char U+00D2 (decimal 210)
   defining Unicode char U+00D3 (decimal 211)
   defining Unicode char U+00D4 (decimal 212)
   defining Unicode char U+00D5 (decimal 213)
   defining Unicode char U+00D6 (decimal 214)
   defining Unicode char U+00D8 (decimal 216)
   defining Unicode char U+00D9 (decimal 217)
   defining Unicode char U+00DA (decimal 218)
   defining Unicode char U+00DB (decimal 219)
   defining Unicode char U+00DC (decimal 220)
   defining Unicode char U+00DD (decimal 221)
   defining Unicode char U+00DE (decimal 222)
   defining Unicode char U+00DF (decimal 223)
   defining Unicode char U+00E0 (decimal 224)
   defining Unicode char U+00E1 (decimal 225)
   defining Unicode char U+00E2 (decimal 226)
   defining Unicode char U+00E3 (decimal 227)
   defining Unicode char U+00E4 (decimal 228)
   defining Unicode char U+00E5 (decimal 229)
   defining Unicode char U+00E6 (decimal 230)
   defining Unicode char U+00E7 (decimal 231)
   defining Unicode char U+00E8 (decimal 232)
   defining Unicode char U+00E9 (decimal 233)
   defining Unicode char U+00EA (decimal 234)
   defining Unicode char U+00EB (decimal 235)
   defining Unicode char U+00EC (decimal 236)
   defining Unicode char U+00ED (decimal 237)
   defining Unicode char U+00EE (decimal 238)
   defining Unicode char U+00EF (decimal 239)
   defining Unicode char U+00F0 (decimal 240)
   defining Unicode char U+00F1 (decimal 241)
   defining Unicode char U+00F2 (decimal 242)
   defining Unicode char U+00F3 (decimal 243)
   defining Unicode char U+00F4 (decimal 244)
   defining Unicode char U+00F5 (decimal 245)
   defining Unicode char U+00F6 (decimal 246)
   defining Unicode char U+00F8 (decimal 248)
   defining Unicode char U+00F9 (decimal 249)
   defining Unicode char U+00FA (decimal 250)
   defining Unicode char U+00FB (decimal 251)
   defining Unicode char U+00FC (decimal 252)
   defining Unicode char U+00FD (decimal 253)
   defining Unicode char U+00FE (decimal 254)
   defining Unicode char U+00FF (decimal 255)
   defining Unicode char U+0102 (decimal 258)
   defining Unicode char U+0103 (decimal 259)
   defining Unicode char U+0104 (decimal 260)
   defining Unicode char U+0105 (decimal 261)
   defining Unicode char U+0106 (decimal 262)
   defining Unicode char U+0107 (decimal 263)
   defining Unicode char U+010C (decimal 268)
   defining Unicode char U+010D (decimal 269)
   defining Unicode char U+010E (decimal 270)
   defining Unicode char U+010F (decimal 271)
   defining Unicode char U+0110 (decimal 272)
   defining Unicode char U+0111 (decimal 273)
   defining Unicode char U+0118 (decimal 280)
   defining Unicode char U+0119 (decimal 281)
   defining Unicode char U+011A (decimal 282)
   defining Unicode char U+011B (decimal 283)
   defining Unicode char U+011E (decimal 286)
   defining Unicode char U+011F (decimal 287)
   defining Unicode char U+0130 (decimal 304)
   defining Unicode char U+0131 (decimal 305)
   defining Unicode char U+0132 (decimal 306)
   defining Unicode char U+0133 (decimal 307)
   defining Unicode char U+0139 (decimal 313)
   defining Unicode char U+013A (decimal 314)
   defining Unicode char U+013D (decimal 317)
   defining Unicode char U+013E (decimal 318)
   defining Unicode char U+0141 (decimal 321)
   defining Unicode char U+0142 (decimal 322)
   defining Unicode char U+0143 (decimal 323)
   defining Unicode char U+0144 (decimal 324)
   defining Unicode char U+0147 (decimal 327)
   defining Unicode char U+0148 (decimal 328)
   defining Unicode char U+014A (decimal 330)
   defining Unicode char U+014B (decimal 331)
   defining Unicode char U+0150 (decimal 336)
   defining Unicode char U+0151 (decimal 337)
   defining Unicode char U+0152 (decimal 338)
   defining Unicode char U+0153 (decimal 339)
   defining Unicode char U+0154 (decimal 340)
   defining Unicode char U+0155 (decimal 341)
   defining Unicode char U+0158 (decimal 344)
   defining Unicode char U+0159 (decimal 345)
   defining Unicode char U+015A (decimal 346)
   defining Unicode char U+015B (decimal 347)
   defining Unicode char U+015E (decimal 350)
   defining Unicode char U+015F (decimal 351)
   defining Unicode char U+0160 (decimal 352)
   defining Unicode char U+0161 (decimal 353)
   defining Unicode char U+0162 (decimal 354)
   defining Unicode char U+0163 (decimal 355)
   defining Unicode char U+0164 (decimal 356)
   defining Unicode char U+0165 (decimal 357)
   defining Unicode char U+016E (decimal 366)
   defining Unicode char U+016F (decimal 367)
   defining Unicode char U+0170 (decimal 368)
   defining Unicode char U+0171 (decimal 369)
   defining Unicode char U+0178 (decimal 376)
   defining Unicode char U+0179 (decimal 377)
   defining Unicode char U+017A (decimal 378)
   defining Unicode char U+017B (decimal 379)
   defining Unicode char U+017C (decimal 380)
   defining Unicode char U+017D (decimal 381)
   defining Unicode char U+017E (decimal 382)
   defining Unicode char U+200C (decimal 8204)
   defining Unicode char U+2013 (decimal 8211)
   defining Unicode char U+2014 (decimal 8212)
   defining Unicode char U+2018 (decimal 8216)
   defining Unicode char U+2019 (decimal 8217)
   defining Unicode char U+201A (decimal 8218)
   defining Unicode char U+201C (decimal 8220)
   defining Unicode char U+201D (decimal 8221)
   defining Unicode char U+201E (decimal 8222)
   defining Unicode char U+2030 (decimal 8240)
   defining Unicode char U+2031 (decimal 8241)
   defining Unicode char U+2039 (decimal 8249)
   defining Unicode char U+203A (decimal 8250)
   defining Unicode char U+2423 (decimal 9251)
)
Now handling font encoding OT1 ...
... processing UTF-8 mapping file for font encoding OT1

(/usr/share/texlive/texmf-dist/tex/latex/base/ot1enc.dfu
File: ot1enc.dfu 2008/04/05 v1.1m UTF-8 support for inputenc
   defining Unicode char U+00A1 (decimal 161)
   defining Unicode char U+00A3 (decimal 163)
   defining Unicode char U+00B8 (decimal 184)
   defining Unicode char U+00BF (decimal 191)
   defining Unicode char U+00C5 (decimal 197)
   defining Unicode char U+00C6 (decimal 198)
   defining Unicode char U+00D8 (decimal 216)
   defining Unicode char U+00DF (decimal 223)
   defining Unicode char U+00E6 (decimal 230)
   defining Unicode char U+00EC (decimal 236)
   defining Unicode char U+00ED (decimal 237)
   defining Unicode char U+00EE (decimal 238)
   defining Unicode char U+00EF (decimal 239)
   defining Unicode char U+00F8 (decimal 248)
   defining Unicode char U+0131 (decimal 305)
   defining Unicode char U+0141 (decimal 321)
   defining Unicode char U+0142 (decimal 322)
   defining Unicode char U+0152 (decimal 338)
   defining Unicode char U+0153 (decimal 339)
   defining Unicode char U+2013 (decimal 8211)
   defining Unicode char U+2014 (decimal 8212)
   defining Unicode char U+2018 (decimal 8216)
   defining Unicode char U+2019 (decimal 8217)
   defining Unicode char U+201C (decimal 8220)
   defining Unicode char U+201D (decimal 8221)
)
Now handling font encoding OMS ...
... processing UTF-8 mapping file for font encoding OMS

(/usr/share/texlive/texmf-dist/tex/latex/base/omsenc.dfu
File: omsenc.dfu 2008/04/05 v1.1m UTF-8 support for inputenc
   defining Unicode char U+00A7 (decimal 167)
   defining Unicode char U+00B6 (decimal 182)
   defining Unicode char U+00B7 (decimal 183)
   defining Unicode char U+2020 (decimal 8224)
   defining Unicode char U+2021 (decimal 8225)
   defining Unicode char U+2022 (decimal 8226)
)
Now handling font encoding OMX ...
... no UTF-8 mapping file for font encoding OMX
Now handling font encoding U ...
... no UTF-8 mapping file for font encoding U
   defining Unicode char U+00A9 (decimal 169)
   defining Unicode char U+00AA (decimal 170)
   defining Unicode char U+00AE (decimal 174)
   defining Unicode char U+00BA (decimal 186)
   defining Unicode char U+02C6 (decimal 710)
   defining Unicode char U+02DC (decimal 732)
   defining Unicode char U+200C (decimal 8204)
   defining Unicode char U+2026 (decimal 8230)
   defining Unicode char U+2122 (decimal 8482)
   defining Unicode char U+2423 (decimal 9251)
))
(/usr/share/texlive/texmf-dist/tex/generic/babel/babel.sty
Package: babel 2013/12/03 3.9h The Babel package

(/usr/share/texlive/texmf-dist/tex/generic/babel-english/english.ldf
Language: english 2012/08/20 v3.3p English support from the babel system

(/usr/share/texlive/texmf-dist/tex/generic/babel/babel.def
File: babel.def 2013/12/03 3.9h Babel common definitions
\babel@savecnt=\count88
\U@D=\dimen109
)
\l@canadian = a dialect from \language\l@american 
\l@australian = a dialect from \language\l@british 
\l@newzealand = a dialect from \language\l@british 
))
(/usr/share/texlive/texmf-dist/tex/latex/hyperref/hyperref.sty
Package: hyperref 2012/11/06 v6.83m Hypertext links for LaTeX

(/usr/share/texlive/texmf-dist/tex/generic/oberdiek/hobsub-hyperref.sty
Package: hobsub-hyperref 2012/05/28 v1.13 Bundle oberdiek, subset hyperref (HO)


(/usr/share/texlive/texmf-dist/tex/generic/oberdiek/hobsub-generic.sty
Package: hobsub-generic 2012/05/28 v1.13 Bundle oberdiek, subset generic (HO)
Package: hobsub 2012/05/28 v1.13 Construct package bundles (HO)
Package hobsub Info: Skipping package `infwarerr' (already loaded).
Package hobsub Info: Skipping package `ltxcmds' (already loaded).
Package: ifluatex 2010/03/01 v1.3 Provides the ifluatex switch (HO)
Package ifluatex Info: LuaTeX not detected.
Package: ifvtex 2010/03/01 v1.5 Detect VTeX and its facilities (HO)
Package ifvtex Info: VTeX not detected.
Package: intcalc 2007/09/27 v1.1 Expandable calculations with integers (HO)
Package: ifpdf 2011/01/30 v2.3 Provides the ifpdf switch (HO)
Package ifpdf Info: pdfTeX in PDF mode is detected.
Package: etexcmds 2011/02/16 v1.5 Avoid name clashes with e-TeX commands (HO)
Package etexcmds Info: Could not find \expanded.
(etexcmds)             That can mean that you are not using pdfTeX 1.50 or
(etexcmds)             that some package has redefined \expanded.
(etexcmds)             In the latter case, load this package earlier.
Package: kvsetkeys 2012/04/25 v1.16 Key value parser (HO)
Package: kvdefinekeys 2011/04/07 v1.3 Define keys (HO)
Package: pdftexcmds 2011/11/29 v0.20 Utility functions of pdfTeX for LuaTeX (HO
)
Package pdftexcmds Info: LuaTeX not detected.
Package pdftexcmds Info: \pdf@primitive is available.
Package pdftexcmds Info: \pdf@ifprimitive is available.
Package pdftexcmds Info: \pdfdraftmode found.
Package: pdfescape 2011/11/25 v1.13 Implements pdfTeX's escape features (HO)
Package: bigintcalc 2012/04/08 v1.3 Expandable calculations on big integers (HO
)
Package: bitset 2011/01/30 v1.1 Handle bit-vector datatype (HO)
Package: uniquecounter 2011/01/30 v1.2 Provide unlimited unique counter (HO)
)
Package hobsub Info: Skipping package `hobsub' (already loaded).
Package: letltxmacro 2010/09/02 v1.4 Let assignment for LaTeX macros (HO)
Package: hopatch 2012/05/28 v1.2 Wrapper for package hooks (HO)
Package: xcolor-patch 2011/01/30 xcolor patch
Package: atveryend 2011/06/30 v1.8 Hooks at the very end of document (HO)
Package atveryend Info: \enddocument detected (standard20110627).
Package: atbegshi 2011/10/05 v1.16 At begin shipout hook (HO)
Package: refcount 2011/10/16 v3.4 Data extraction from label references (HO)
Package: hycolor 2011/01/30 v1.7 Color options for hyperref/bookmark (HO)
)
(/usr/share/texlive/texmf-dist/tex/generic/ifxetex/ifxetex.sty
Package: ifxetex 2010/09/12 v0.6 Provides ifxetex conditional
)
(/usr/share/texlive/texmf-dist/tex/latex/oberdiek/auxhook.sty
Package: auxhook 2011/03/04 v1.3 Hooks for auxiliary files (HO)
)
(/usr/share/texlive/texmf-dist/tex/latex/oberdiek/kvoptions.sty
Package: kvoptions 2011/06/30 v3.11 Key value format for package options (HO)
)
\@linkdim=\dimen110
\Hy@linkcounter=\count89
\Hy@pagecounter=\count90

(/usr/share/texlive/texmf-dist/tex/latex/hyperref/pd1enc.def
File: pd1enc.def 2012/11/06 v6.83m Hyperref: PDFDocEncoding definition (HO)
Now handling font encoding PD1 ...
... no UTF-8 mapping file for font encoding PD1
)
\Hy@SavedSpaceFactor=\count91

(/usr/share/texlive/texmf-dist/tex/latex/latexconfig/hyperref.cfg
File: hyperref.cfg 2002/06/06 v1.2 hyperref configuration of TeXLive
)
Package hyperref Info: Hyper figures OFF on input line 4443.
Package hyperref Info: Link nesting OFF on input line 4448.
Package hyperref Info: Hyper index ON on input line 4451.
Package hyperref Info: Plain pages OFF on input line 4458.
Package hyperref Info: Backreferencing OFF on input line 4463.
Package hyperref Info: Implicit mode ON; LaTeX internals redefined.
Package hyperref Info: Bookmarks ON on input line 4688.
\c@Hy@tempcnt=\count92

(/usr/share/texlive/texmf-dist/tex/latex/url/url.sty
\Urlmuskip=\muskip10
Package: url 2013/09/16  ver 3.4  Verb mode for urls, etc.
)
LaTeX Info: Redefining \url on input line 5041.
\XeTeXLinkMargin=\dimen111
\Fld@menulength=\count93
\Field@Width=\dimen112
\Fld@charsize=\dimen113
Package hyperref Info: Hyper figures OFF on input line 6295.
Package hyperref Info: Link nesting OFF on input line 6300.
Package hyperref Info: Hyper index ON on input line 6303.
Package hyperref Info: backreferencing OFF on input line 6310.
Package hyperref Info: Link coloring OFF on input line 6315.
Package hyperref Info: Link coloring with OCG OFF on input line 6320.
Package hyperref Info: PDF/A mode OFF on input line 6325.
LaTeX Info: Redefining \ref on input line 6365.
LaTeX Info: Redefining \pageref on input line 6369.
\Hy@abspage=\count94
\c@Item=\count95
\c@Hfootnote=\count96
)

Package hyperref Message: Driver (autodetected): hpdftex.

(/usr/share/texlive/texmf-dist/tex/latex/hyperref/hpdftex.def
File: hpdftex.def 2012/11/06 v6.83m Hyperref driver for pdfTeX
\Fld@listcount=\count97
\c@bookmark@seq@number=\count98

(/usr/share/texlive/texmf-dist/tex/latex/oberdiek/rerunfilecheck.sty
Package: rerunfilecheck 2011/04/15 v1.7 Rerun checks for auxiliary files (HO)
Package uniquecounter Info: New unique counter `rerunfilecheck' on input line 2
82.
)
\Hy@SectionHShift=\skip44
)
(/usr/share/texlive/texmf-dist/tex/latex/base/fontenc.sty
Package: fontenc 2005/09/27 v1.99g Standard LaTeX package

(/usr/share/texlive/texmf-dist/tex/latex/base/t1enc.def
File: t1enc.def 2005/09/27 v1.99g Standard LaTeX file
LaTeX Font Info:    Redeclaring font encoding T1 on input line 43.
))
(/usr/share/texlive/texmf-dist/tex/latex/amsmath/amsmath.sty
Package: amsmath 2013/01/14 v2.14 AMS math features
\@mathmargin=\skip45

For additional information on amsmath, use the `?' option.
(/usr/share/texlive/texmf-dist/tex/latex/amsmath/amstext.sty
Package: amstext 2000/06/29 v2.01

(/usr/share/texlive/texmf-dist/tex/latex/amsmath/amsgen.sty
File: amsgen.sty 1999/11/30 v2.0
\@emptytoks=\toks17
\ex@=\dimen114
))
(/usr/share/texlive/texmf-dist/tex/latex/amsmath/amsbsy.sty
Package: amsbsy 1999/11/29 v1.2d
\pmbraise@=\dimen115
)
(/usr/share/texlive/texmf-dist/tex/latex/amsmath/amsopn.sty
Package: amsopn 1999/12/14 v2.01 operator names
)
\inf@bad=\count99
LaTeX Info: Redefining \frac on input line 210.
\uproot@=\count100
\leftroot@=\count101
LaTeX Info: Redefining \overline on input line 306.
\classnum@=\count102
\DOTSCASE@=\count103
LaTeX Info: Redefining \ldots on input line 378.
LaTeX Info: Redefining \dots on input line 381.
LaTeX Info: Redefining \cdots on input line 466.
\Mathstrutbox@=\box26
\strutbox@=\box27
\big@size=\dimen116
LaTeX Font Info:    Redeclaring font encoding OML on input line 566.
LaTeX Font Info:    Redeclaring font encoding OMS on input line 567.
\macc@depth=\count104
\c@MaxMatrixCols=\count105
\dotsspace@=\muskip11
\c@parentequation=\count106
\dspbrk@lvl=\count107
\tag@help=\toks18
\row@=\count108
\column@=\count109
\maxfields@=\count110
\andhelp@=\toks19
\eqnshift@=\dimen117
\alignsep@=\dimen118
\tagshift@=\dimen119
\tagwidth@=\dimen120
\totwidth@=\dimen121
\lineht@=\dimen122
\@envbody=\toks20
\multlinegap=\skip46
\multlinetaggap=\skip47
\mathdisplay@stack=\toks21
LaTeX Info: Redefining \[ on input line 2665.
LaTeX Info: Redefining \] on input line 2666.
)
(/usr/share/texlive/texmf-dist/tex/latex/amsfonts/amssymb.sty
Package: amssymb 2013/01/14 v3.01 AMS font symbols

(/usr/share/texlive/texmf-dist/tex/latex/amsfonts/amsfonts.sty
Package: amsfonts 2013/01/14 v3.01 Basic AMSFonts support
\symAMSa=\mathgroup4
\symAMSb=\mathgroup5
LaTeX Font Info:    Overwriting math alphabet `\mathfrak' in version `bold'
(Font)                  U/euf/m/n --> U/euf/b/n on input line 106.
))
(/usr/share/texlive/texmf-dist/tex/latex/jknapltx/mathrsfs.sty
Package: mathrsfs 1996/01/01 Math RSFS package v1.0 (jk)
\symrsfs=\mathgroup6
)
(/usr/share/texlive/texmf-dist/tex/latex/pdfpages/pdfpages.sty
Package: pdfpages 2013/08/25 v0.4v Insert pages of external PDF documents (AM)

(/usr/share/texlive/texmf-dist/tex/latex/base/ifthen.sty
Package: ifthen 2001/05/26 v1.1c Standard LaTeX ifthen package (DPC)
)
(/usr/share/texlive/texmf-dist/tex/latex/tools/calc.sty
Package: calc 2007/08/22 v4.3 Infix arithmetic (KKT,FJ)
\calc@Acount=\count111
\calc@Bcount=\count112
\calc@Adimen=\dimen123
\calc@Bdimen=\dimen124
\calc@Askip=\skip48
\calc@Bskip=\skip49
LaTeX Info: Redefining \setlength on input line 76.
LaTeX Info: Redefining \addtolength on input line 77.
\calc@Ccount=\count113
\calc@Cskip=\skip50
)
(/usr/share/texlive/texmf-dist/tex/latex/eso-pic/eso-pic.sty
Package: eso-pic 2013/10/06 v2.0d eso-pic (RN)
)
(/usr/share/texlive/texmf-dist/tex/latex/pdfpages/pppdftex.def
File: pppdftex.def 2013/08/25 v0.4v Pdfpages driver for pdfTeX (AM)
)
\AM@pagebox=\box28
\AM@toc@title=\toks22
\c@AM@survey=\count114
\AM@templatesizebox=\box29
)
(/usr/share/texlive/texmf-dist/tex/latex/upquote/upquote.sty
Package: upquote 2012/04/19 v1.3 upright-quote and grave-accent glyphs in verba
tim

(/usr/share/texlive/texmf-dist/tex/latex/base/textcomp.sty
Package: textcomp 2005/09/27 v1.99g Standard LaTeX package
Package textcomp Info: Sub-encoding information:
(textcomp)               5 = only ISO-Adobe without \textcurrency
(textcomp)               4 = 5 + \texteuro
(textcomp)               3 = 4 + \textohm
(textcomp)               2 = 3 + \textestimated + \textcurrency
(textcomp)               1 = TS1 - \textcircled - \t
(textcomp)               0 = TS1 (full)
(textcomp)             Font families with sub-encoding setting implement
(textcomp)             only a restricted character set as indicated.
(textcomp)             Family '?' is the default used for unknown fonts.
(textcomp)             See the documentation for details.
Package textcomp Info: Setting ? sub-encoding to TS1/1 on input line 71.

(/usr/share/texlive/texmf-dist/tex/latex/base/ts1enc.def
File: ts1enc.def 2001/06/05 v3.0e (jk/car/fm) Standard LaTeX file
Now handling font encoding TS1 ...
... processing UTF-8 mapping file for font encoding TS1

(/usr/share/texlive/texmf-dist/tex/latex/base/ts1enc.dfu
File: ts1enc.dfu 2008/04/05 v1.1m UTF-8 support for inputenc
   defining Unicode char U+00A2 (decimal 162)
   defining Unicode char U+00A3 (decimal 163)
   defining Unicode char U+00A4 (decimal 164)
   defining Unicode char U+00A5 (decimal 165)
   defining Unicode char U+00A6 (decimal 166)
   defining Unicode char U+00A7 (decimal 167)
   defining Unicode char U+00A8 (decimal 168)
   defining Unicode char U+00A9 (decimal 169)
   defining Unicode char U+00AA (decimal 170)
   defining Unicode char U+00AC (decimal 172)
   defining Unicode char U+00AE (decimal 174)
   defining Unicode char U+00AF (decimal 175)
   defining Unicode char U+00B0 (decimal 176)
   defining Unicode char U+00B1 (decimal 177)
   defining Unicode char U+00B2 (decimal 178)
   defining Unicode char U+00B3 (decimal 179)
   defining Unicode char U+00B4 (decimal 180)
   defining Unicode char U+00B5 (decimal 181)
   defining Unicode char U+00B6 (decimal 182)
   defining Unicode char U+00B7 (decimal 183)
   defining Unicode char U+00B9 (decimal 185)
   defining Unicode char U+00BA (decimal 186)
   defining Unicode char U+00BC (decimal 188)
   defining Unicode char U+00BD (decimal 189)
   defining Unicode char U+00BE (decimal 190)
   defining Unicode char U+00D7 (decimal 215)
   defining Unicode char U+00F7 (decimal 247)
   defining Unicode char U+0192 (decimal 402)
   defining Unicode char U+02C7 (decimal 711)
   defining Unicode char U+02D8 (decimal 728)
   defining Unicode char U+02DD (decimal 733)
   defining Unicode char U+0E3F (decimal 3647)
   defining Unicode char U+2016 (decimal 8214)
   defining Unicode char U+2020 (decimal 8224)
   defining Unicode char U+2021 (decimal 8225)
   defining Unicode char U+2022 (decimal 8226)
   defining Unicode char U+2030 (decimal 8240)
   defining Unicode char U+2031 (decimal 8241)
   defining Unicode char U+203B (decimal 8251)
   defining Unicode char U+203D (decimal 8253)
   defining Unicode char U+2044 (decimal 8260)
   defining Unicode char U+204E (decimal 8270)
   defining Unicode char U+2052 (decimal 8274)
   defining Unicode char U+20A1 (decimal 8353)
   defining Unicode char U+20A4 (decimal 8356)
   defining Unicode char U+20A6 (decimal 8358)
   defining Unicode char U+20A9 (decimal 8361)
   defining Unicode char U+20AB (decimal 8363)
   defining Unicode char U+20AC (decimal 8364)
   defining Unicode char U+20B1 (decimal 8369)
   defining Unicode char U+2103 (decimal 8451)
   defining Unicode char U+2116 (decimal 8470)
   defining Unicode char U+2117 (decimal 8471)
   defining Unicode char U+211E (decimal 8478)
   defining Unicode char U+2120 (decimal 8480)
   defining Unicode char U+2122 (decimal 8482)
   defining Unicode char U+2126 (decimal 8486)
   defining Unicode char U+2127 (decimal 8487)
   defining Unicode char U+212E (decimal 8494)
   defining Unicode char U+2190 (decimal 8592)
   defining Unicode char U+2191 (decimal 8593)
   defining Unicode char U+2192 (decimal 8594)
   defining Unicode char U+2193 (decimal 8595)
   defining Unicode char U+2329 (decimal 9001)
   defining Unicode char U+232A (decimal 9002)
   defining Unicode char U+2422 (decimal 9250)
   defining Unicode char U+25E6 (decimal 9702)
   defining Unicode char U+25EF (decimal 9711)
   defining Unicode char U+266A (decimal 9834)
))
LaTeX Info: Redefining \oldstylenums on input line 266.
Package textcomp Info: Setting cmr sub-encoding to TS1/0 on input line 281.
Package textcomp Info: Setting cmss sub-encoding to TS1/0 on input line 282.
Package textcomp Info: Setting cmtt sub-encoding to TS1/0 on input line 283.
Package textcomp Info: Setting cmvtt sub-encoding to TS1/0 on input line 284.
Package textcomp Info: Setting cmbr sub-encoding to TS1/0 on input line 285.
Package textcomp Info: Setting cmtl sub-encoding to TS1/0 on input line 286.
Package textcomp Info: Setting ccr sub-encoding to TS1/0 on input line 287.
Package textcomp Info: Setting ptm sub-encoding to TS1/4 on input line 288.
Package textcomp Info: Setting pcr sub-encoding to TS1/4 on input line 289.
Package textcomp Info: Setting phv sub-encoding to TS1/4 on input line 290.
Package textcomp Info: Setting ppl sub-encoding to TS1/3 on input line 291.
Package textcomp Info: Setting pag sub-encoding to TS1/4 on input line 292.
Package textcomp Info: Setting pbk sub-encoding to TS1/4 on input line 293.
Package textcomp Info: Setting pnc sub-encoding to TS1/4 on input line 294.
Package textcomp Info: Setting pzc sub-encoding to TS1/4 on input line 295.
Package textcomp Info: Setting bch sub-encoding to TS1/4 on input line 296.
Package textcomp Info: Setting put sub-encoding to TS1/5 on input line 297.
Package textcomp Info: Setting uag sub-encoding to TS1/5 on input line 298.
Package textcomp Info: Setting ugq sub-encoding to TS1/5 on input line 299.
Package textcomp Info: Setting ul8 sub-encoding to TS1/4 on input line 300.
Package textcomp Info: Setting ul9 sub-encoding to TS1/4 on input line 301.
Package textcomp Info: Setting augie sub-encoding to TS1/5 on input line 302.
Package textcomp Info: Setting dayrom sub-encoding to TS1/3 on input line 303.
Package textcomp Info: Setting dayroms sub-encoding to TS1/3 on input line 304.

Package textcomp Info: Setting pxr sub-encoding to TS1/0 on input line 305.
Package textcomp Info: Setting pxss sub-encoding to TS1/0 on input line 306.
Package textcomp Info: Setting pxtt sub-encoding to TS1/0 on input line 307.
Package textcomp Info: Setting txr sub-encoding to TS1/0 on input line 308.
Package textcomp Info: Setting txss sub-encoding to TS1/0 on input line 309.
Package textcomp Info: Setting txtt sub-encoding to TS1/0 on input line 310.
Package textcomp Info: Setting lmr sub-encoding to TS1/0 on input line 311.
Package textcomp Info: Setting lmdh sub-encoding to TS1/0 on input line 312.
Package textcomp Info: Setting lmss sub-encoding to TS1/0 on input line 313.
Package textcomp Info: Setting lmssq sub-encoding to TS1/0 on input line 314.
Package textcomp Info: Setting lmvtt sub-encoding to TS1/0 on input line 315.
Package textcomp Info: Setting qhv sub-encoding to TS1/0 on input line 316.
Package textcomp Info: Setting qag sub-encoding to TS1/0 on input line 317.
Package textcomp Info: Setting qbk sub-encoding to TS1/0 on input line 318.
Package textcomp Info: Setting qcr sub-encoding to TS1/0 on input line 319.
Package textcomp Info: Setting qcs sub-encoding to TS1/0 on input line 320.
Package textcomp Info: Setting qpl sub-encoding to TS1/0 on input line 321.
Package textcomp Info: Setting qtm sub-encoding to TS1/0 on input line 322.
Package textcomp Info: Setting qzc sub-encoding to TS1/0 on input line 323.
Package textcomp Info: Setting qhvc sub-encoding to TS1/0 on input line 324.
Package textcomp Info: Setting futs sub-encoding to TS1/4 on input line 325.
Package textcomp Info: Setting futx sub-encoding to TS1/4 on input line 326.
Package textcomp Info: Setting futj sub-encoding to TS1/4 on input line 327.
Package textcomp Info: Setting hlh sub-encoding to TS1/3 on input line 328.
Package textcomp Info: Setting hls sub-encoding to TS1/3 on input line 329.
Package textcomp Info: Setting hlst sub-encoding to TS1/3 on input line 330.
Package textcomp Info: Setting hlct sub-encoding to TS1/5 on input line 331.
Package textcomp Info: Setting hlx sub-encoding to TS1/5 on input line 332.
Package textcomp Info: Setting hlce sub-encoding to TS1/5 on input line 333.
Package textcomp Info: Setting hlcn sub-encoding to TS1/5 on input line 334.
Package textcomp Info: Setting hlcw sub-encoding to TS1/5 on input line 335.
Package textcomp Info: Setting hlcf sub-encoding to TS1/5 on input line 336.
Package textcomp Info: Setting pplx sub-encoding to TS1/3 on input line 337.
Package textcomp Info: Setting pplj sub-encoding to TS1/3 on input line 338.
Package textcomp Info: Setting ptmx sub-encoding to TS1/4 on input line 339.
Package textcomp Info: Setting ptmj sub-encoding to TS1/4 on input line 340.
)) (./pb-report.aux)
\openout1 = `pb-report.aux'.

LaTeX Font Info:    Checking defaults for OML/cmm/m/it on input line 66.
LaTeX Font Info:    ... okay on input line 66.
LaTeX Font Info:    Checking defaults for T1/cmr/m/n on input line 66.
LaTeX Font Info:    ... okay on input line 66.
LaTeX Font Info:    Checking defaults for OT1/cmr/m/n on input line 66.
LaTeX Font Info:    ... okay on input line 66.
LaTeX Font Info:    Checking defaults for OMS/cmsy/m/n on input line 66.
LaTeX Font Info:    ... okay on input line 66.
LaTeX Font Info:    Checking defaults for OMX/cmex/m/n on input line 66.
LaTeX Font Info:    ... okay on input line 66.
LaTeX Font Info:    Checking defaults for U/cmr/m/n on input line 66.
LaTeX Font Info:    ... okay on input line 66.
LaTeX Font Info:    Checking defaults for PD1/pdf/m/n on input line 66.
LaTeX Font Info:    ... okay on input line 66.
LaTeX Font Info:    Checking defaults for TS1/cmr/m/n on input line 66.
LaTeX Font Info:    Try loading font information for TS1+cmr on input line 66.

(/usr/share/texlive/texmf-dist/tex/latex/base/ts1cmr.fd
File: ts1cmr.fd 1999/05/25 v2.5h Standard LaTeX font definitions
)
LaTeX Font Info:    ... okay on input line 66.

(/usr/share/texlive/texmf-dist/tex/context/base/supp-pdf.mkii
[Loading MPS to PDF converter (version 2006.09.02).]
\scratchcounter=\count115
\scratchdimen=\dimen125
\scratchbox=\box30
\nofMPsegments=\count116
\nofMParguments=\count117
\everyMPshowfont=\toks23
\MPscratchCnt=\count118
\MPscratchDim=\dimen126
\MPnumerator=\count119
\makeMPintoPDFobject=\count120
\everyMPtoPDFconversion=\toks24
) (/usr/share/texlive/texmf-dist/tex/latex/oberdiek/epstopdf-base.sty
Package: epstopdf-base 2010/02/09 v2.5 Base part for package epstopdf

(/usr/share/texlive/texmf-dist/tex/latex/oberdiek/grfext.sty
Package: grfext 2010/08/19 v1.1 Manage graphics extensions (HO)
)
Package grfext Info: Graphics extension search list:
(grfext)             [.png,.pdf,.jpg,.mps,.jpeg,.jbig2,.jb2,.PNG,.PDF,.JPG,.JPE
G,.JBIG2,.JB2,.eps]
(grfext)             \AppendGraphicsExtensions on input line 452.

(/usr/share/texlive/texmf-dist/tex/latex/latexconfig/epstopdf-sys.cfg
File: epstopdf-sys.cfg 2010/07/13 v1.3 Configuration of (r)epstopdf for TeX Liv
e
))
\AtBeginShipoutBox=\box31
Package hyperref Info: Link coloring OFF on input line 66.

(/usr/share/texlive/texmf-dist/tex/latex/hyperref/nameref.sty
Package: nameref 2012/10/27 v2.43 Cross-referencing by name of section

(/usr/share/texlive/texmf-dist/tex/generic/oberdiek/gettitlestring.sty
Package: gettitlestring 2010/12/03 v1.4 Cleanup title references (HO)
)
\c@section@level=\count121
)
LaTeX Info: Redefining \ref on input line 66.
LaTeX Info: Redefining \pageref on input line 66.
LaTeX Info: Redefining \nameref on input line 66.

(./pb-report.out) (./pb-report.out)
\@outlinefile=\write3
\openout3 = `pb-report.out'.

LaTeX Font Info:    Try loading font information for U+msa on input line 101.

(/usr/share/texlive/texmf-dist/tex/latex/amsfonts/umsa.fd
File: umsa.fd 2013/01/14 v3.01 AMS symbols A
)
LaTeX Font Info:    Try loading font information for U+msb on input line 101.

(/usr/share/texlive/texmf-dist/tex/latex/amsfonts/umsb.fd
File: umsb.fd 2013/01/14 v3.01 AMS symbols B
)
LaTeX Font Info:    Try loading font information for U+rsfs on input line 101.

(/usr/share/texlive/texmf-dist/tex/latex/jknapltx/ursfs.fd
File: ursfs.fd 1998/03/24 rsfs font definition file (jk)
)
LaTeX Font Info:    Try loading font information for T1+cmtt on input line 101.


(/usr/share/texlive/texmf-dist/tex/latex/base/t1cmtt.fd
File: t1cmtt.fd 1999/05/25 v2.5h Standard LaTeX font definitions
) [1

{/var/lib/texmf/fonts/map/pdftex/updmap/pdftex.map}] (./pb-report.toc)
\tf@toc=\write4
\openout4 = `pb-report.toc'.

 [2]
Overfull \hbox (17.4115pt too wide) in paragraph at lines 115--120
\T1/cmr/m/n/10 gen, die sich teils in ihrer Aus-sagekraft wieder-holen, wer-den
 Verbesserungsvorschläge
 []

pdfTeX warning (ext4): destination with the same identifier (name{page.1}) has 
been already used, duplicate ignored
<to be read again> 
                   \relax 
l.129 \item \textbf
                   {Konkurrenz} [1]
Underfull \hbox (badness 10000) in paragraph at lines 144--145

 []

<figure/fragebogen.pdf, id=122, 2195.20125pt x 4182.62625pt>
File: figure/fragebogen.pdf Graphic file (type pdf)

<use figure/fragebogen.pdf>
Package pdftex.def Info: figure/fragebogen.pdf used on input line 147.
(pdftex.def)             Requested size: 2195.1959pt x 4182.6161pt.
File: figure/fragebogen.pdf Graphic file (type pdf)
 <use figure/fragebogen.pdf>
Package pdftex.def Info: figure/fragebogen.pdf used on input line 147.
(pdftex.def)             Requested size: 2195.1959pt x 4182.6161pt.
pdfTeX warning (ext4): destination with the same identifier (name{page.2}) has 
been already used, duplicate ignored
<to be read again> 
                   \relax 
l.147 ...ludepdf[pages={1}]{figure/fragebogen.pdf}
                                                   [2]
<figure/fragebogen.pdf, id=128, page=1, 2195.20125pt x 4182.62625pt>
File: figure/fragebogen.pdf Graphic file (type pdf)

<use figure/fragebogen.pdf, page 1>
Package pdftex.def Info: figure/fragebogen.pdf, page1 used on input line 147.
(pdftex.def)             Requested size: 2195.1959pt x 4182.6161pt.
File: figure/fragebogen.pdf Graphic file (type pdf)
 <use figure/fragebogen.pdf, page 1>
Package pdftex.def Info: figure/fragebogen.pdf, page1 used on input line 147.
(pdftex.def)             Requested size: 417.26006pt x 795.02637pt.
File: figure/fragebogen.pdf Graphic file (type pdf)

<use figure/fragebogen.pdf, page 1>
Package pdftex.def Info: figure/fragebogen.pdf, page1 used on input line 147.
(pdftex.def)             Requested size: 417.26006pt x 795.02637pt.
File: figure/fragebogen.pdf Graphic file (type pdf)
 <use figure/fragebogen.pdf, page 1>
Package pdftex.def Info: figure/fragebogen.pdf, page1 used on input line 147.
(pdftex.def)             Requested size: 417.26006pt x 795.02637pt.
File: figure/fragebogen.pdf Graphic file (type pdf)

<use figure/fragebogen.pdf, page 1>
Package pdftex.def Info: figure/fragebogen.pdf, page1 used on input line 147.
(pdftex.def)             Requested size: 417.26006pt x 795.02637pt.
 [3 <./figure/fragebogen.pdf>]
Overfull \hbox (31.79688pt too wide) in paragraph at lines 151--159
[]\T1/cmr/m/n/10 Unserer Mei-n-ung nach wäre es ange-bracht, eine Kürzung des F
rage-bo-gens vorzunehmen.
 []


Overfull \hbox (21.02786pt too wide) in paragraph at lines 163--164
[]\T1/cmr/m/n/10 Zufriedenheit (aufgegliedert in Ergeb-nisqual-ität, Bindung un
d Empfehlungsnei-
 []

[4] <figure/fragebogenfertig.pdf, id=159, 1983.41pt x 1848.9075pt>
File: figure/fragebogenfertig.pdf Graphic file (type pdf)

<use figure/fragebogenfertig.pdf>
Package pdftex.def Info: figure/fragebogenfertig.pdf used on input line 184.
(pdftex.def)             Requested size: 1983.40518pt x 1848.903pt.
File: figure/fragebogenfertig.pdf Graphic file (type pdf)
 <use figure/fragebogenfertig.pdf>
Package pdftex.def Info: figure/fragebogenfertig.pdf used on input line 184.
(pdftex.def)             Requested size: 1983.40518pt x 1848.903pt.
 [5]
<figure/fragebogenfertig.pdf, id=168, page=1, 1983.41pt x 1848.9075pt>
File: figure/fragebogenfertig.pdf Graphic file (type pdf)

<use figure/fragebogenfertig.pdf, page 1>
Package pdftex.def Info: figure/fragebogenfertig.pdf, page1 used on input line 
184.
(pdftex.def)             Requested size: 1983.40518pt x 1848.903pt.
File: figure/fragebogenfertig.pdf Graphic file (type pdf)

<use figure/fragebogenfertig.pdf, page 1>
Package pdftex.def Info: figure/fragebogenfertig.pdf, page1 used on input line 
184.
(pdftex.def)             Requested size: 659.27884pt x 614.57065pt.
File: figure/fragebogenfertig.pdf Graphic file (type pdf)

<use figure/fragebogenfertig.pdf, page 1>
Package pdftex.def Info: figure/fragebogenfertig.pdf, page1 used on input line 
184.
(pdftex.def)             Requested size: 659.27884pt x 614.57065pt.
File: figure/fragebogenfertig.pdf Graphic file (type pdf)

<use figure/fragebogenfertig.pdf, page 1>
Package pdftex.def Info: figure/fragebogenfertig.pdf, page1 used on input line 
184.
(pdftex.def)             Requested size: 659.27884pt x 614.57065pt.
File: figure/fragebogenfertig.pdf Graphic file (type pdf)

<use figure/fragebogenfertig.pdf, page 1>
Package pdftex.def Info: figure/fragebogenfertig.pdf, page1 used on input line 
184.
(pdftex.def)             Requested size: 659.27884pt x 614.57065pt.
 [6 <./figure/fragebogenfertig.pdf>]
Package color Info: Redefining color shadecolor on input line 200.
LaTeX Font Info:    Font shape `T1/cmtt/bx/n' in size <10> not available
(Font)              Font shape `T1/cmtt/m/n' tried instead on input line 202.
LaTeX Font Info:    Try loading font information for TS1+cmtt on input line 203
.

(/usr/share/texlive/texmf-dist/tex/latex/base/ts1cmtt.fd
File: ts1cmtt.fd 1999/05/25 v2.5h Standard LaTeX font definitions
)
Package color Info: Redefining color shadecolor on input line 212.

Overfull \hbox (3.01688pt too wide) in paragraph at lines 210--212
\T1/cmr/m/n/10 Rus-so-lillo er-stellt. Die Web-seiten []gas-ton-sanchez.com[] u
nd []plsmod-el-ing.com[] geben
 []

[7]
Package color Info: Redefining color shadecolor on input line 227.

Overfull \hbox (43.40515pt too wide) in paragraph at lines 234--234
[][]\T1/cmtt/m/n/10 CBdataPath[] []<-[] []"/home/jannic/Schreibtisch/PB/Data/20
14_08_30-CB_Alle_R.csv"[][] 
 []

[8] <figure/plspm-1.pdf, id=214, 505.89pt x 505.89pt>
File: figure/plspm-1.pdf Graphic file (type pdf)
 <use figure/plspm-1.pdf>
Package pdftex.def Info: figure/plspm-1.pdf used on input line 260.
(pdftex.def)             Requested size: 345.0pt x 345.00414pt.

Overfull \hbox (1.4154pt too wide) in paragraph at lines 263--263
[][]\T1/cmtt/m/n/10 CB_outer_model[] []<-[] []list[][]([][]c[][]([][]"SQ092"[][
],[][]"SQ096"[][],[][]"SQ101"[][],[][]"SQ009"[][],[][]"SQ076"[][]),[][] 
 []


Overfull \hbox (22.41028pt too wide) in paragraph at lines 283--283
[]\T1/cmtt/m/n/10 ## Error in if (convergence < specs$tol | iter > specs$maxite
r) break:
 []

[9 <./figure/plspm-1.pdf>]
Package color Info: Redefining color shadecolor on input line 287.
Package color Info: Redefining color shadecolor on input line 295.

Overfull \hbox (11.91284pt too wide) in paragraph at lines 412--412
[]\T1/cmtt/m/n/10 ##                      Mode  MVs  C.alpha  DG.rho  eig.1st  
eig.2nd[] 
 []


Overfull \hbox (11.91284pt too wide) in paragraph at lines 412--412
[]\T1/cmtt/m/n/10 ## Preis_Leistung          A    5    0.459   0.691     2.51  
  0.888[] 
 []


Overfull \hbox (11.91284pt too wide) in paragraph at lines 412--412
[]\T1/cmtt/m/n/10 ## Performance             A    2    0.780   0.901     1.64  
  0.360[] 
 []


Overfull \hbox (11.91284pt too wide) in paragraph at lines 412--412
[]\T1/cmtt/m/n/10 ## Kundenzufriedenheit     A    2    0.640   0.847     1.47  
  0.530[] 
 []


Overfull \hbox (32.90771pt too wide) in paragraph at lines 412--412
[]\T1/cmtt/m/n/10 ##                      Preis_Leistung  Performance  Kundenzu
friedenheit[] 
 []


Overfull \hbox (32.90771pt too wide) in paragraph at lines 412--412
[]\T1/cmtt/m/n/10 ##   1 SQ092                     0.683        0.354          
      0.346[] 
 []


Overfull \hbox (32.90771pt too wide) in paragraph at lines 412--412
[]\T1/cmtt/m/n/10 ##   1 SQ096                    -0.452       -0.191          
     -0.121[] 
 []


Overfull \hbox (32.90771pt too wide) in paragraph at lines 412--412
[]\T1/cmtt/m/n/10 ##   1 SQ101                     0.636        0.281          
      0.350[] 
 []


Overfull \hbox (32.90771pt too wide) in paragraph at lines 412--412
[]\T1/cmtt/m/n/10 ##   1 SQ009                     0.805        0.290          
      0.335[] 
 []


Overfull \hbox (32.90771pt too wide) in paragraph at lines 412--412
[]\T1/cmtt/m/n/10 ##   1 SQ076                     0.867        0.404          
      0.420[] 
 []


Overfull \hbox (32.90771pt too wide) in paragraph at lines 412--412
[]\T1/cmtt/m/n/10 ##   2 SQ079                     0.429        0.907          
      0.492[] 
 []


Overfull \hbox (32.90771pt too wide) in paragraph at lines 412--412
[]\T1/cmtt/m/n/10 ##   2 SQ080                     0.378        0.904          
      0.484[] 
 []


Overfull \hbox (32.90771pt too wide) in paragraph at lines 412--412
[]\T1/cmtt/m/n/10 ##   3 SQ046                     0.296        0.283          
      0.757[] 
 []


Overfull \hbox (32.90771pt too wide) in paragraph at lines 412--412
[]\T1/cmtt/m/n/10 ##   3 SQ110                     0.479        0.572          
      0.933[] 
 []


Overfull \hbox (32.90771pt too wide) in paragraph at lines 412--412
[]\T1/cmtt/m/n/10 ##                      Preis_Leistung  Performance  Kundenzu
friedenheit[] 
 []


Overfull \hbox (32.90771pt too wide) in paragraph at lines 412--412
[]\T1/cmtt/m/n/10 ## Preis_Leistung                1.000        0.446          
      0.475[] 
 []


Overfull \hbox (32.90771pt too wide) in paragraph at lines 412--412
[]\T1/cmtt/m/n/10 ## Performance                   0.446        1.000          
      0.539[] 
 []


Overfull \hbox (32.90771pt too wide) in paragraph at lines 412--412
[]\T1/cmtt/m/n/10 ## Kundenzufriedenheit           0.475        0.539          
      1.000[] 
 []


Overfull \hbox (53.90259pt too wide) in paragraph at lines 412--412
[]\T1/cmtt/m/n/10 ##                            Type    R2  Block_Communality  
Mean_Redundancy[] 
 []


Overfull \hbox (53.90259pt too wide) in paragraph at lines 412--412
[]\T1/cmtt/m/n/10 ## Preis_Leistung        Exogenous  0.00              0.495  
          0.000[] 
 []


Overfull \hbox (53.90259pt too wide) in paragraph at lines 412--412
[]\T1/cmtt/m/n/10 ## Performance           Exogenous  0.00              0.820  
          0.000[] 
 []


Overfull \hbox (53.90259pt too wide) in paragraph at lines 412--412
[]\T1/cmtt/m/n/10 ## Kundenzufriedenheit  Endogenous  0.36              0.721  
          0.259[] 
 []


Overfull \hbox (11.91284pt too wide) in paragraph at lines 412--412
[]\T1/cmtt/m/n/10 ##                            relationships  direct  indirect
  total[] 
 []


Overfull \hbox (11.91284pt too wide) in paragraph at lines 412--412
[]\T1/cmtt/m/n/10 ## 1          Preis_Leistung -> Performance   0.000         0
  0.000[] 
 []


Overfull \hbox (11.91284pt too wide) in paragraph at lines 412--412
[]\T1/cmtt/m/n/10 ## 2  Preis_Leistung -> Kundenzufriedenheit   0.293         0
  0.293[] 
 []


Overfull \hbox (11.91284pt too wide) in paragraph at lines 412--412
[]\T1/cmtt/m/n/10 ## 3     Performance -> Kundenzufriedenheit   0.408         0
  0.408[] 
 []

[10]
Underfull \vbox (badness 10000) detected at line 417
 []


Underfull \vbox (badness 10000) detected at line 417
 []

[11]
Overfull \vbox (1.3313pt too high) detected at line 417
 []

[12] <figure/zoo-1.pdf, id=241, 505.89pt x 505.89pt>
File: figure/zoo-1.pdf Graphic file (type pdf)
 <use figure/zoo-1.pdf>
Package pdftex.def Info: figure/zoo-1.pdf used on input line 418.
(pdftex.def)             Requested size: 345.0pt x 345.00414pt.

<figure/zoo-2.pdf, id=242, 505.89pt x 505.89pt>
File: figure/zoo-2.pdf Graphic file (type pdf)
 <use figure/zoo-2.pdf>
Package pdftex.def Info: figure/zoo-2.pdf used on input line 424.
(pdftex.def)             Requested size: 345.0pt x 345.00414pt.
 [13 <./figure/zoo-1.pdf>]
Package color Info: Redefining color shadecolor on input line 431.
 [14 <./figure/zoo-2.pdf>]
<figure/mis-1.pdf, id=271, 505.89pt x 505.89pt>
File: figure/mis-1.pdf Graphic file (type pdf)
 <use figure/mis-1.pdf>
Package pdftex.def Info: figure/mis-1.pdf used on input line 444.
(pdftex.def)             Requested size: 345.0pt x 345.00414pt.
 [15]
<figure/mis-2.pdf, id=276, 505.89pt x 505.89pt>
File: figure/mis-2.pdf Graphic file (type pdf)
 <use figure/mis-2.pdf>
Package pdftex.def Info: figure/mis-2.pdf used on input line 457.
(pdftex.def)             Requested size: 345.0pt x 345.00414pt.
 [16 <./figure/mis-1.pdf>]
Underfull \hbox (badness 10000) in paragraph at lines 460--462

 []

[17 <./figure/mis-2.pdf>]
Overfull \hbox (1.8042pt too wide) in paragraph at lines 468--470
\T1/cmr/m/n/10 Für das Be-han-deln von fehlen-den Werten muss ein weit-erer Pa-
ram-e-ter übergeben
 []


Overfull \hbox (13.05145pt too wide) in paragraph at lines 472--474
\T1/cmr/m/n/10 Das Paket semPLS[[]] wurde von []Armin Mo-n-ecke[] und []Friedri
ch Leisch[] geschrieben.
 []

Package color Info: Redefining color shadecolor on input line 476.

Overfull \hbox (43.40515pt too wide) in paragraph at lines 483--483
[][]\T1/cmtt/m/n/10 CBdataPath[] []<-[] []"/home/jannic/Schreibtisch/PB/Data/20
14_08_30-CB_Alle_R.csv"[][] 
 []


Overfull \hbox (55.63828pt too wide) in paragraph at lines 492--492
[][]\T1/cmtt/m/it/10 #lazy alternative instead of 5 times Preis_Leistung: rep("
Preis_Leistung",5)[][] 
 []


Overfull \hbox (1.4154pt too wide) in paragraph at lines 493--493
[][]\T1/cmtt/m/n/10 latentvar[] []<-[] []c[][]([][]"Preis_Leistung"[][],[][]"Pr
eis_Leistung"[][],[][]"Preis_Leistung"[][],[][] 
 []


Overfull \hbox (6.66412pt too wide) in paragraph at lines 503--503
[][]\T1/cmtt/m/n/10 CB_outer_model[] []<-[] []matrix[][]([][]c[][](latentvar,in
dicators),[][]length[][](latentvar))[][] 
 []


Overfull \hbox (6.66412pt too wide) in paragraph at lines 513--513
[][]\T1/cmtt/m/n/10 CB_inner_model[] []<-[] []matrix[][]([][]c[][](exogenous,en
dogenous),[][]length[][](exogenous))[][] 
 []


Overfull \hbox (1.4154pt too wide) in paragraph at lines 521--521
[][]\T1/cmtt/m/n/10 mvpairs[][]([][]model[] []= model,[] []data[] []= CBdata,[]
 []LVs[] []=[] []"Kundenzufriedenheit"[][])[][] 
 []

[18] <figure/semPLS-1.pdf, id=324, 505.89pt x 505.89pt>
File: figure/semPLS-1.pdf Graphic file (type pdf)

<use figure/semPLS-1.pdf>
Package pdftex.def Info: figure/semPLS-1.pdf used on input line 524.
(pdftex.def)             Requested size: 345.0pt x 345.00414pt.
 [19]
Overfull \hbox (32.90771pt too wide) in paragraph at lines 536--536
[]\T1/cmtt/m/n/10 ## are not taken into acount, due to missings in the manifest
 variables.[] 
 []


Overfull \hbox (1.4154pt too wide) in paragraph at lines 603--603
[][]\T1/cmtt/m/n/10 pathDiagram[][](PB_model,[] []file[] []=[] []"PB-structure"
[][],[] []edge.labels[] []=[] []"both"[][],[][] 
 []


Overfull \hbox (22.41028pt too wide) in paragraph at lines 604--604
[]           []\T1/cmtt/m/n/10 output.type[] []=[] []"graphics"[][],[] []digits
[] []=[] []3[][],[] []rSquared[][]=PB_rSquared)[][] 
 []

[20 <./figure/semPLS-1.pdf>] [21]
<figure/semPLS-2.pdf, id=343, 505.89pt x 505.89pt>
File: figure/semPLS-2.pdf Graphic file (type pdf)
 <use figure/semPLS-2.pdf>
Package pdftex.def Info: figure/semPLS-2.pdf used on input line 627.
(pdftex.def)             Requested size: 345.0pt x 345.00414pt.

[22]
Package color Info: Redefining color shadecolor on input line 635.
 [23 <./figure/semPLS-2.pdf>]
Package color Info: Redefining color shadecolor on input line 644.
Package color Info: Redefining color shadecolor on input line 652.

Overfull \hbox (11.91284pt too wide) in paragraph at lines 655--655
[][]\T1/cmtt/m/n/10 new_model[] []<-[] []addPath[][](model,[] []from[][]=[][]"P
reis_Leistung"[][],[] []to[][]=[][]"Performance"[][])[][] 
 []

[24]
Package color Info: Redefining color shadecolor on input line 662.
Package color Info: Redefining color shadecolor on input line 676.
Package color Info: Redefining color shadecolor on input line 687.

Underfull \hbox (badness 10000) in paragraph at lines 682--687

 []

[25]
Package color Info: Redefining color shadecolor on input line 695.
Package color Info: Redefining color shadecolor on input line 704.
 [26]
Overfull \hbox (6.37042pt too wide) in paragraph at lines 737--746
 [][] 
 []

Package color Info: Redefining color shadecolor on input line 752.

Underfull \hbox (badness 10000) in paragraph at lines 748--752

 []


Underfull \hbox (badness 10000) in paragraph at lines 758--760

 []

Package color Info: Redefining color shadecolor on input line 766.
Package color Info: Redefining color shadecolor on input line 776.
Package color Info: Redefining color shadecolor on input line 784.

Overfull \hbox (32.90771pt too wide) in paragraph at lines 789--789
[][]\T1/cmtt/m/n/10 dataPath[] []<-[] []"/home/jannic/Schreibtisch/PB/Data/2014
_08_30-CB_Alle_R.csv"[][] 
 []


Overfull \hbox (32.90771pt too wide) in paragraph at lines 908--908
[]\T1/cmtt/m/n/10 ## [1] "Performance"         "Preis_Leistung"      "Kundenzuf
riedenheit"[] 
 []


Overfull \hbox (64.40002pt too wide) in paragraph at lines 908--908
[]\T1/cmtt/m/n/10 ## [1] "SQ079" "SQ080" "SQ009" "SQ076" "SQ092" "SQ096" "SQ101
" "SQ046" "SQ110"[] 
 []


Overfull \hbox (17.16156pt too wide) in paragraph at lines 908--908
[]\T1/cmtt/m/n/10 ##                     Performance Preis_Leistung Kundenzufri
edenheit[] 
 []


Overfull \hbox (17.16156pt too wide) in paragraph at lines 908--908
[]\T1/cmtt/m/n/10 ## Performance                   0              0            
       1[] 
 []


Overfull \hbox (17.16156pt too wide) in paragraph at lines 908--908
[]\T1/cmtt/m/n/10 ## Preis_Leistung                0              0            
       1[] 
 []


Overfull \hbox (17.16156pt too wide) in paragraph at lines 908--908
[]\T1/cmtt/m/n/10 ## Kundenzufriedenheit           0              0            
       0[] 
 []


Overfull \hbox (32.90771pt too wide) in paragraph at lines 920--920
[]\T1/cmtt/m/n/10 ## are not taken into acount, due to missings in the manifest
 variables.[] 
 []

[27]
Overfull \vbox (2.16443pt too high) detected at line 957
 []

[28]
Underfull \vbox (badness 10000) detected at line 957
 []


Underfull \vbox (badness 10000) detected at line 957
 []

[29] [30]
Overfull \hbox (2.05414pt too wide) in paragraph at lines 966--974
\T1/cmr/m/n/10 Datei mit den Spal-tenna-men SQ001 zu be-nutzen (2014_08_30-CB_A
lle_R.csv)
 []


Underfull \hbox (badness 10000) in paragraph at lines 966--974

 []

[31] [32] <PB-structure.pdf, id=411, 650.43pt x 486.81876pt>
File: PB-structure.pdf Graphic file (type pdf)

<use PB-structure.pdf>
Package pdftex.def Info: PB-structure.pdf used on input line 981.
(pdftex.def)             Requested size: 520.3447pt x 389.45554pt.

Overfull \hbox (89.98643pt too wide) in paragraph at lines 981--982
 []| [] 
 []

<figure/PB_model_smartpls.pdf, id=412, 788.9475pt x 758.835pt>
File: figure/PB_model_smartpls.pdf Graphic file (type pdf)

<use figure/PB_model_smartpls.pdf>
Package pdftex.def Info: figure/PB_model_smartpls.pdf used on input line 988.
(pdftex.def)             Requested size: 473.37215pt x 455.30452pt.

Overfull \hbox (71.46664pt too wide) in paragraph at lines 988--989
 []| [] 
 []


LaTeX Warning: `!h' float specifier changed to `!ht'.

[33 <./PB-structure.pdf>]
Underfull \hbox (badness 10000) in paragraph at lines 995--997

 []


Underfull \hbox (badness 10000) in paragraph at lines 995--997

 []

[34 <./figure/PB_model_smartpls.pdf>]
Package color Info: Redefining color shadecolor on input line 1001.

<figure/unnamed-chunk-1-1.pdf, id=445, 505.89pt x 505.89pt>
File: figure/unnamed-chunk-1-1.pdf Graphic file (type pdf)

<use figure/unnamed-chunk-1-1.pdf>
Package pdftex.def Info: figure/unnamed-chunk-1-1.pdf used on input line 1017.
(pdftex.def)             Requested size: 345.0pt x 345.00414pt.
 [35 <./figure/unnamed-chunk-1-1.pdf>]
<figure/unnamed-chunk-1-2.pdf, id=461, 505.89pt x 505.89pt>
File: figure/unnamed-chunk-1-2.pdf Graphic file (type pdf)

<use figure/unnamed-chunk-1-2.pdf>
Package pdftex.def Info: figure/unnamed-chunk-1-2.pdf used on input line 1023.
(pdftex.def)             Requested size: 345.0pt x 345.00414pt.

<PB-structure-zoo.pdf, id=462, 650.43pt x 478.78876pt>
File: PB-structure-zoo.pdf Graphic file (type pdf)

<use PB-structure-zoo.pdf>
Package pdftex.def Info: PB-structure-zoo.pdf used on input line 1036.
(pdftex.def)             Requested size: 520.3447pt x 383.03152pt.

Overfull \hbox (89.98643pt too wide) in paragraph at lines 1036--1037
 []| [] 
 []


LaTeX Warning: `!h' float specifier changed to `!ht'.

[36 <./figure/unnamed-chunk-1-2.pdf>] [37 <./PB-structure-zoo.pdf>]
Overfull \hbox (5.02563pt too wide) in paragraph at lines 1048--1049
\T1/cmr/m/n/10 Struk-tur-gle-ichungsmod-el-lierung (S.325-337).[[]] Let-zteres 
wird je-doch nicht emp-
 []


Underfull \hbox (badness 10000) in paragraph at lines 1050--1051

 []

Package color Info: Redefining color shadecolor on input line 1056.

Overfull \hbox (10.05219pt too wide) in paragraph at lines 1054--1056
\T1/cmr/m/n/10 teko-r-re-la-tio-nen der In-dika-toren eines Kon-strukts auf In-
haltsva-lid-ität hinweisen.[[]]
 []

Package color Info: Redefining color shadecolor on input line 1064.

Overfull \hbox (74.89746pt too wide) in paragraph at lines 1070--1070
[][]\T1/cmtt/m/n/10 CBdata[] []<-[] []read.csv[][]([][]"/home/jannic/Schreibtis
ch/PB/Data/2014_08_30-CB_Alle_R.csv"[][])[][] 
 []

<figure/psych-1.pdf, id=495, 505.89pt x 505.89pt>
File: figure/psych-1.pdf Graphic file (type pdf)
 <use figure/psych-1.pdf>
Package pdftex.def Info: figure/psych-1.pdf used on input line 1081.
(pdftex.def)             Requested size: 345.0pt x 345.00414pt.

[38] <figure/psych-2.pdf, id=506, 505.89pt x 505.89pt>
File: figure/psych-2.pdf Graphic file (type pdf)

<use figure/psych-2.pdf>
Package pdftex.def Info: figure/psych-2.pdf used on input line 1096.
(pdftex.def)             Requested size: 345.0pt x 345.00414pt.
 [39 <./figure/psych-1.pdf>]
Overfull \hbox (17.16156pt too wide) in paragraph at lines 1107--1107
[]\T1/cmtt/m/n/10 ## Call: fa.parallel.poly(x = indicatorset, fa = "fa", global
 = TRUE)[] 
 []


Overfull \hbox (27.659pt too wide) in paragraph at lines 1107--1107
[]\T1/cmtt/m/n/10 ##   Original factors Simulated data Original components simu
lated data[] 
 []


Overfull \hbox (27.659pt too wide) in paragraph at lines 1107--1107
[]\T1/cmtt/m/n/10 ## 1             4.04           0.69                4.55     
      1.54[] 
 []


Overfull \hbox (27.659pt too wide) in paragraph at lines 1107--1107
[]\T1/cmtt/m/n/10 ## 2             0.66           0.29                1.22     
      1.24[] 
 []


Overfull \hbox (27.659pt too wide) in paragraph at lines 1107--1107
[]\T1/cmtt/m/n/10 ## 3             0.23           0.20                0.85     
      1.14[] 
 []


Overfull \hbox (64.40002pt too wide) in paragraph at lines 1113--1113
[][]\T1/cmtt/m/n/10 PB_fac_poly[] []<-[] []fa.poly[][](indicatorset,[] []nfacto
rs[][]=[][]3[][],[] []rotate[][]=[][]"varimax"[][],[][]global[][]=[][]TRUE[][])
[][] 
 []

[40 <./figure/psych-2.pdf>] [41]
<figure/psych-3.pdf, id=532, 505.89pt x 505.89pt>
File: figure/psych-3.pdf Graphic file (type pdf)
 <use figure/psych-3.pdf>
Package pdftex.def Info: figure/psych-3.pdf used on input line 1182.
(pdftex.def)             Requested size: 345.0pt x 345.00414pt.

[42 <./figure/psych-3.pdf>] <figure/psych-4.pdf, id=543, 505.89pt x 505.89pt>
File: figure/psych-4.pdf Graphic file (type pdf)

<use figure/psych-4.pdf>
Package pdftex.def Info: figure/psych-4.pdf used on input line 1187.
(pdftex.def)             Requested size: 345.0pt x 345.00414pt.

Overfull \hbox (4.82199pt too wide) in paragraph at lines 1191--1198
\T1/cmr/m/n/10 SQ092, SQ101 und SQ096 auf. Dieser kann also als das Kon-strukt 
Preis_Leistung
 []

[43 <./figure/psych-4.pdf>] [44] [45]
Package color Info: Redefining color shadecolor on input line 1203.
Package color Info: Redefining color shadecolor on input line 1223.
 [46]
Overfull \hbox (6.66412pt too wide) in paragraph at lines 1227--1227
[]                []\T1/cmtt/m/n/10 strucmod[] []=[] []cbind[][]([][]c[][]([][]
"Preis_Leistung"[][],[][]"Performance"[][]),[][] 
 []


Overfull \hbox (1.4154pt too wide) in paragraph at lines 1228--1228
[]                                 []\T1/cmtt/m/n/10 c[][]([][]rep[][]([][]"Kun
denzufriedenheit"[][],[][]2[][]))),[][] 
 []


Overfull \hbox (6.66412pt too wide) in paragraph at lines 1231--1231
[]                                     []\T1/cmtt/m/n/10 rep[][]([][]"Kundenzuf
riedenheit"[][],[][]2[][])),[][] 
 []


Overfull \hbox (17.16156pt too wide) in paragraph at lines 1232--1232
[]                                   []\T1/cmtt/m/n/10 c[][]([][]"SQ009"[][],[]
[]"SQ076"[][],[][]"SQ092"[][],[][]"SQ079"[][],[][] 
 []


Overfull \hbox (32.90771pt too wide) in paragraph at lines 1243--1243
[]\T1/cmtt/m/n/10 ## are not taken into acount, due to missings in the manifest
 variables.[] 
 []

[47]
Package color Info: Redefining color shadecolor on input line 1298.
 [48]
Package color Info: Redefining color shadecolor on input line 1336.

Overfull \hbox (17.16156pt too wide) in paragraph at lines 1356--1356
[]\T1/cmtt/m/n/10 ##                     Performance Preis_Leistung Kundenzufri
edenheit[] 
 []


Overfull \hbox (17.16156pt too wide) in paragraph at lines 1356--1356
[]\T1/cmtt/m/n/10 ## Performance                   0              0           0
.1750127[] 
 []


Overfull \hbox (17.16156pt too wide) in paragraph at lines 1356--1356
[]\T1/cmtt/m/n/10 ## Preis_Leistung                0              0           0
.1165373[] 
 []


Overfull \hbox (17.16156pt too wide) in paragraph at lines 1356--1356
[]\T1/cmtt/m/n/10 ## Kundenzufriedenheit           0              0           0
.0000000[] 
 []


Overfull \hbox (17.16156pt too wide) in paragraph at lines 1376--1376
[]\T1/cmtt/m/n/10 ##                     Performance Preis_Leistung Kundenzufri
edenheit[] 
 []


Overfull \hbox (17.16156pt too wide) in paragraph at lines 1376--1376
[]\T1/cmtt/m/n/10 ## Performance                   0              0          0.
18423971[] 
 []


Overfull \hbox (17.16156pt too wide) in paragraph at lines 1376--1376
[]\T1/cmtt/m/n/10 ## Preis_Leistung                0              0          0.
08654196[] 
 []


Overfull \hbox (17.16156pt too wide) in paragraph at lines 1376--1376
[]\T1/cmtt/m/n/10 ## Kundenzufriedenheit           0              0          0.
00000000[] 
 []

[49]
Package color Info: Redefining color shadecolor on input line 1383.

Underfull \hbox (badness 10000) in paragraph at lines 1379--1383

 []


Overfull \hbox (19.10553pt too wide) in paragraph at lines 1379--1383
\T1/cmr/m/n/10 Eine weit-ere Meth-ode die Diskrim-i-nanz-va-lid-ität zu über-pr
üfen, stellt das Analysieren
 []


Underfull \hbox (badness 10000) in paragraph at lines 1414--1417

 []


Overfull \hbox (8.74695pt too wide) in paragraph at lines 1414--1417
\T1/cmr/m/n/10 Mod-ellen sind diese Kenn-zahlen nicht im-mer alle er-füllt, je-
doch liefern sie wertvolle
 []

[50]
Package color Info: Redefining color shadecolor on input line 1424.

Overfull \hbox (17.16156pt too wide) in paragraph at lines 1433--1433
[]\T1/cmtt/m/n/10 ##                     Performance Preis_Leistung Kundenzufri
edenheit[] 
 []


Overfull \hbox (17.16156pt too wide) in paragraph at lines 1433--1433
[]\T1/cmtt/m/n/10 ## Performance                   0              0           0
.4183452[] 
 []


Overfull \hbox (17.16156pt too wide) in paragraph at lines 1433--1433
[]\T1/cmtt/m/n/10 ## Preis_Leistung                0              0           0
.3413756[] 
 []


Overfull \hbox (17.16156pt too wide) in paragraph at lines 1433--1433
[]\T1/cmtt/m/n/10 ## Kundenzufriedenheit           0              0           0
.0000000[] 
 []


Overfull \hbox (17.16156pt too wide) in paragraph at lines 1442--1442
[]\T1/cmtt/m/n/10 ##                     Performance Preis_Leistung Kundenzufri
edenheit[] 
 []


Overfull \hbox (17.16156pt too wide) in paragraph at lines 1442--1442
[]\T1/cmtt/m/n/10 ## Performance                   0              0           0
.4183452[] 
 []


Overfull \hbox (17.16156pt too wide) in paragraph at lines 1442--1442
[]\T1/cmtt/m/n/10 ## Preis_Leistung                0              0           0
.3413756[] 
 []


Overfull \hbox (17.16156pt too wide) in paragraph at lines 1442--1442
[]\T1/cmtt/m/n/10 ## Kundenzufriedenheit           0              0           0
.0000000[] 
 []


Overfull \hbox (17.16156pt too wide) in paragraph at lines 1451--1451
[]\T1/cmtt/m/n/10 ##                     Performance Preis_Leistung Kundenzufri
edenheit[] 
 []


Overfull \hbox (17.16156pt too wide) in paragraph at lines 1451--1451
[]\T1/cmtt/m/n/10 ## Performance                   0              0           0
.4292315[] 
 []


Overfull \hbox (17.16156pt too wide) in paragraph at lines 1451--1451
[]\T1/cmtt/m/n/10 ## Preis_Leistung                0              0           0
.2941801[] 
 []


Overfull \hbox (17.16156pt too wide) in paragraph at lines 1451--1451
[]\T1/cmtt/m/n/10 ## Kundenzufriedenheit           0              0           0
.0000000[] 
 []


Overfull \hbox (17.16156pt too wide) in paragraph at lines 1460--1460
[]\T1/cmtt/m/n/10 ##                     Performance Preis_Leistung Kundenzufri
edenheit[] 
 []


Overfull \hbox (17.16156pt too wide) in paragraph at lines 1460--1460
[]\T1/cmtt/m/n/10 ## Performance                   0              0           0
.4292315[] 
 []


Overfull \hbox (17.16156pt too wide) in paragraph at lines 1460--1460
[]\T1/cmtt/m/n/10 ## Preis_Leistung                0              0           0
.2941801[] 
 []


Overfull \hbox (17.16156pt too wide) in paragraph at lines 1460--1460
[]\T1/cmtt/m/n/10 ## Kundenzufriedenheit           0              0           0
.0000000[] 
 []

[51]
Package color Info: Redefining color shadecolor on input line 1469.

Overfull \hbox (32.90771pt too wide) in paragraph at lines 1475--1475
[][]\T1/cmtt/m/n/10 new_PB_model_boot[] []<-[] []bootsempls[][](new_PB_model,[]
 []nboot[][]=[][]5000[][],[] []verbose[][]=[][]FALSE[][])[][] 
 []


Overfull \hbox (38.15643pt too wide) in paragraph at lines 1493--1493
[]\T1/cmtt/m/n/10 ## Call: bootsempls(object = new_PB_model, nboot = 5000, verb
ose = FALSE)[] 
 []


Overfull \hbox (17.16156pt too wide) in paragraph at lines 1493--1493
[]\T1/cmtt/m/n/10 ##                                       Estimate      Bias S
td.Error[] 
 []


Overfull \hbox (17.16156pt too wide) in paragraph at lines 1493--1493
[]\T1/cmtt/m/n/10 ## Performance -> SQ079                     0.923 -0.000188  
 0.01400[] 
 []


Overfull \hbox (17.16156pt too wide) in paragraph at lines 1493--1493
[]\T1/cmtt/m/n/10 ## Performance -> SQ080                     0.918 -0.000971  
 0.01778[] 
 []


Overfull \hbox (17.16156pt too wide) in paragraph at lines 1493--1493
[]\T1/cmtt/m/n/10 ## Preis_Leistung -> SQ009                  0.860 -0.001325  
 0.02647[] 
 []


Overfull \hbox (17.16156pt too wide) in paragraph at lines 1493--1493
[]\T1/cmtt/m/n/10 ## Preis_Leistung -> SQ076                  0.897  0.000579  
 0.01604[] 
 []


Overfull \hbox (17.16156pt too wide) in paragraph at lines 1493--1493
[]\T1/cmtt/m/n/10 ## Preis_Leistung -> SQ092                  0.799 -0.000253  
 0.03476[] 
 []


Overfull \hbox (17.16156pt too wide) in paragraph at lines 1493--1493
[]\T1/cmtt/m/n/10 ## Kundenzufriedenheit -> SQ046             0.793 -0.003462  
 0.06742[] 
 []


Overfull \hbox (17.16156pt too wide) in paragraph at lines 1493--1493
[]\T1/cmtt/m/n/10 ## Kundenzufriedenheit -> SQ110             0.942  0.001877  
 0.00892[] 
 []


Overfull \hbox (17.16156pt too wide) in paragraph at lines 1493--1493
[]\T1/cmtt/m/n/10 ## Performance -> Kundenzufriedenheit       0.429  0.003359  
 0.07722[] 
 []


Overfull \hbox (17.16156pt too wide) in paragraph at lines 1493--1493
[]\T1/cmtt/m/n/10 ## Preis_Leistung -> Kundenzufriedenheit    0.294 -0.000880  
 0.07339[] 
 []


Overfull \hbox (38.15643pt too wide) in paragraph at lines 1513--1513
[]\T1/cmtt/m/n/10 ## Call: bootsempls(object = new_PB_model, nboot = 5000, verb
ose = FALSE)[] 
 []


Overfull \hbox (38.15643pt too wide) in paragraph at lines 1513--1513
[]\T1/cmtt/m/n/10 ## Lower and upper limits are for the 95 percent perc confide
nce interval[] 
 []


Overfull \hbox (122.13593pt too wide) in paragraph at lines 1532--1532
[][]\T1/cmtt/m/n/10 parallelplot[][](new_PB_model_boot,[] []subset[][]=[][]1[][
]:[][]ncol[][](new_PB_model_boot[][]$[][]t),[] []reflinesAt[][]=[][]c[][]([][]-
[][]1[][],[][]0[][],[][]1[][]))[][] 
 []

[52] <figure/boot-1.pdf, id=631, 505.89pt x 505.89pt>
File: figure/boot-1.pdf Graphic file (type pdf)
 <use figure/boot-1.pdf>
Package pdftex.def Info: figure/boot-1.pdf used on input line 1535.
(pdftex.def)             Requested size: 345.0pt x 345.00414pt.

[53]
Overfull \hbox (17.16156pt too wide) in paragraph at lines 1538--1538
[][]\T1/cmtt/m/n/10 parallelplot[][](new_PB_model_boot,[] []pattern[][]=[][]"be
ta"[][],[] []reflinesAt[][]=[][]c[][]([][]-[][]1[][],[][]0[][],[][]1[][]))[][] 

 []

<figure/boot-2.pdf, id=637, 505.89pt x 505.89pt>
File: figure/boot-2.pdf Graphic file (type pdf)
 <use figure/boot-2.pdf>
Package pdftex.def Info: figure/boot-2.pdf used on input line 1541.
(pdftex.def)             Requested size: 345.0pt x 345.00414pt.

[54 <./figure/boot-1.pdf>]
Overfull \hbox (6.66412pt too wide) in paragraph at lines 1544--1544
[][]\T1/cmtt/m/n/10 parallelplot[][](new_PB_model_boot,[] []pattern[][]=[][]"la
m"[][],[][]reflinesAt[][]=[][]c[][]([][]-[][]1[][],[][]0[][],[][]1[][]))[][] 
 []

<figure/boot-3.pdf, id=647, 505.89pt x 505.89pt>
File: figure/boot-3.pdf Graphic file (type pdf)
 <use figure/boot-3.pdf>
Package pdftex.def Info: figure/boot-3.pdf used on input line 1547.
(pdftex.def)             Requested size: 345.0pt x 345.00414pt.

[55 <./figure/boot-2.pdf>] <figure/boot-4.pdf, id=657, 505.89pt x 505.89pt>
File: figure/boot-4.pdf Graphic file (type pdf)

<use figure/boot-4.pdf>
Package pdftex.def Info: figure/boot-4.pdf used on input line 1553.
(pdftex.def)             Requested size: 345.0pt x 345.00414pt.
 [56 <./figure/boot-3.pdf>]
<figure/boot-5.pdf, id=667, 505.89pt x 505.89pt>
File: figure/boot-5.pdf Graphic file (type pdf)
 <use figure/boot-5.pdf>
Package pdftex.def Info: figure/boot-5.pdf used on input line 1559.
(pdftex.def)             Requested size: 345.0pt x 345.00414pt.

[57 <./figure/boot-4.pdf>]
Overfull \hbox (1.55426pt too wide) in paragraph at lines 1563--1568
\T1/cmr/m/n/10 erneuten Aus-führen zufäl-lige un-ter-schiedliche Daten-sätze (s
am-ples) gebildet wer-
 []


Overfull \hbox (23.60443pt too wide) in paragraph at lines 1563--1568
\T1/cmr/m/n/10 die Berech-nun-gen der äuÿeren Ladun-gen und Pfad-ko-ef-fizien-t
en sowie den entsprechen-
 []


Overfull \hbox (0.37863pt too wide) in paragraph at lines 1563--1568
\T1/cmr/m/n/10 mod-ells als Pfad-mod-ell. Durch den Be-fehl new_PB_model_boot$f
itted_model
 []


Overfull \hbox (29.95474pt too wide) in paragraph at lines 1563--1568
\T1/cmr/m/n/10 dargestellt. Diese er-hält als Pa-ram-e-ter das neu er-stellte O
b-jekt new_PB_model_boot,
 []

[58 <./figure/boot-5.pdf>]
Package color Info: Redefining color shadecolor on input line 1580.

Overfull \hbox (53.90259pt too wide) in paragraph at lines 1594--1594
[]\T1/cmtt/m/n/10 ## [1] 0.9227120 0.9180390 0.8599884 0.8973823 0.7993398 0.79
27142 0.9424423[] 
 []


Overfull \hbox (32.90771pt too wide) in paragraph at lines 1605--1605
[]\T1/cmtt/m/n/10 ## [1]  65.903448  51.633646  32.490078  55.929557  22.993319
  11.758127[] 
 []

[59]
Underfull \hbox (badness 10000) in paragraph at lines 1608--1609

 []

Package color Info: Redefining color shadecolor on input line 1614.
[60]
Package color Info: Redefining color shadecolor on input line 1651.

Overfull \hbox (1.4154pt too wide) in paragraph at lines 1673--1673
[][]\T1/cmtt/m/n/10 adjrSquared[] []<-[] []1[][]-[][]([][]1[][]-[][]rSquared[][
](new_PB_model)[[][]3[][]])[][]*[][](([][]210[][]-[][]1[][])[][]/[][]([][]210[]
[]-[][]2[][]-[][]1[][]))[][] 
 []

[61]
Package color Info: Redefining color shadecolor on input line 1686.

Overfull \hbox (43.40515pt too wide) in paragraph at lines 1690--1690
[]                        []\T1/cmtt/m/n/10 strucmod[] []=[] []cbind[][]([][]c[
][]([][]"Preis_Leistung"[][],[][]"Performance"[][],[][] 
 []


Overfull \hbox (27.659pt too wide) in paragraph at lines 1691--1691
[]                                           []\T1/cmtt/m/n/10 "Ambiente"[][],[
][]"Kenntnisstand"[][]),[][] 
 []


Overfull \hbox (43.40515pt too wide) in paragraph at lines 1692--1692
[]                                         []\T1/cmtt/m/n/10 c[][]([][]rep[][](
[][]"Kundenzufriedenheit"[][],[][]4[][]))),[][] 
 []


Overfull \hbox (17.16156pt too wide) in paragraph at lines 1693--1693
[]                        []\T1/cmtt/m/n/10 measuremod[] []=[] []cbind[][]([][]
c[][]([][]rep[][]([][]"Preis_Leistung"[][],[][]3[][]),[][] 
 []


Overfull \hbox (1.4154pt too wide) in paragraph at lines 1694--1694
[]                                             []\T1/cmtt/m/n/10 rep[][]([][]"P
erformance"[][],[][]2[][]),[][] 
 []


Overfull \hbox (43.40515pt too wide) in paragraph at lines 1695--1695
[]                                             []\T1/cmtt/m/n/10 rep[][]([][]"K
undenzufriedenheit"[][],[][]2[][]),[][] 
 []


Overfull \hbox (38.15643pt too wide) in paragraph at lines 1696--1696
[]                                             []\T1/cmtt/m/n/10 "Ambiente"[][]
,[][]"Kenntnisstand"[][]),[][] 
 []


Overfull \hbox (59.1513pt too wide) in paragraph at lines 1697--1697
[]                                           []\T1/cmtt/m/n/10 c[][]([][]"SQ009
"[][],[][]"SQ076"[][],[][]"SQ092"[][],[][]"SQ079"[][],[][] 
 []


Overfull \hbox (116.8872pt too wide) in paragraph at lines 1698--1698
[]                                             []\T1/cmtt/m/n/10 "SQ080"[][],[]
[]"SQ046"[][],[][]"SQ110"[][],[][]"SQ021"[][],[][]"SQ024"[][]))),[][] 
 []


Overfull \hbox (32.90771pt too wide) in paragraph at lines 1708--1708
[]\T1/cmtt/m/n/10 ## are not taken into acount, due to missings in the manifest
 variables.[] 
 []


Overfull \hbox (27.659pt too wide) in paragraph at lines 1745--1745
[][]\T1/cmtt/m/n/10 new_adjrSquared[] []<-[] []1[][]-[][]([][]1[][]-[][]rSquare
d[][](diff_PB_model)[[][]5[][]])[][]*[][](([][]210[][]-[][]1[][])[][]/[][]([][]
210[][]-[][]5[][]-[][]1[][]))[][] 
 []

[62] [63]
Package color Info: Redefining color shadecolor on input line 1780.

Overfull \hbox (6.66412pt too wide) in paragraph at lines 1787--1787
[]                                     []\T1/cmtt/m/n/10 rep[][]([][]"Kundenzuf
riedenheit"[][],[][]2[][])),[][] 
 []


Overfull \hbox (27.659pt too wide) in paragraph at lines 1788--1788
[]                                   []\T1/cmtt/m/n/10 c[][]([][]"SQ079"[][],[]
[]"SQ080"[][],[][]"SQ046"[][],[][]"SQ110"[][])))[][] 
 []


Overfull \hbox (32.90771pt too wide) in paragraph at lines 1798--1798
[]\T1/cmtt/m/n/10 ## are not taken into acount, due to missings in the manifest
 variables.[] 
 []


Overfull \hbox (48.65387pt too wide) in paragraph at lines 1808--1808
[][]\T1/cmtt/m/n/10 pl_fSquared[] []<-[]   []([][]rSquared[][](new_PB_model)[[]
[]3[][]][][]-[][]rSquared[][](excl_pl_PB_model)[[][]2[][]])[][]/[][] 
 []


Overfull \hbox (6.66412pt too wide) in paragraph at lines 1823--1823
[]                                     []\T1/cmtt/m/n/10 rep[][]([][]"Kundenzuf
riedenheit"[][],[][]2[][])),[][] 
 []


Overfull \hbox (69.64874pt too wide) in paragraph at lines 1824--1824
[]                                   []\T1/cmtt/m/n/10 c[][]([][]"SQ009"[][],[]
[]"SQ076"[][],[][]"SQ092"[][],[][]"SQ046"[][],[][]"SQ110"[][])))[][] 
 []


Overfull \hbox (32.90771pt too wide) in paragraph at lines 1834--1834
[]\T1/cmtt/m/n/10 ## are not taken into acount, due to missings in the manifest
 variables.[] 
 []


Overfull \hbox (59.1513pt too wide) in paragraph at lines 1844--1844
[][]\T1/cmtt/m/n/10 perf_fSquared[] []<-[] []([][]rSquared[][](new_PB_model)[[]
[]3[][]][][]-[][]rSquared[][](excl_perf_PB_model)[[][]2[][]])[][]/[][] 
 []

[64] [65]
Underfull \hbox (badness 10000) in paragraph at lines 1862--1866

 []


Overfull \hbox (8.83026pt too wide) in paragraph at lines 1871--1874
\T1/cmr/m/n/10 nen Daten, also der Daten-satz CB-data mit Hilfe des Mod-ells, h
ier new_PB_model
 []

Package color Info: Redefining color shadecolor on input line 1890.

Overfull \hbox (3.07524pt too wide) in paragraph at lines 1876--1890
[] 
 []


Overfull \hbox (6.66412pt too wide) in paragraph at lines 1909--1909
[][]\T1/cmtt/m/n/10 perf_qSquared_eff[] []<-[] [](qSquared[[][]3[][]][][]-[][]p
erf_qSquared[[][]2[][]])[][]/[][]([][]1[][]-[][]qSquared[[][]3[][]])[][] 
 []

[66]
Package color Info: Redefining color shadecolor on input line 1933.
 [67] [68] <figure/ausgangsmodell.jpg, id=771, 770.27776pt x 549.85425pt>
File: figure/ausgangsmodell.jpg Graphic file (type jpg)

<use figure/ausgangsmodell.jpg>
Package pdftex.def Info: figure/ausgangsmodell.jpg used on input line 1958.
(pdftex.def)             Requested size: 616.22304pt x 439.88399pt.

Overfull \hbox (134.64973pt too wide) in paragraph at lines 1958--1959
 []| [] 
 []

[69 <./figure/ausgangsmodell.jpg>]
Underfull \hbox (badness 10000) in paragraph at lines 1964--1965

 []

<figure/erstesmodell.jpg, id=778, 776.30025pt x 538.4115pt>
File: figure/erstesmodell.jpg Graphic file (type jpg)

<use figure/erstesmodell.jpg>
Package pdftex.def Info: figure/erstesmodell.jpg used on input line 1969.
(pdftex.def)             Requested size: 621.04105pt x 430.72978pt.

Overfull \hbox (139.46774pt too wide) in paragraph at lines 1969--1970
 []| [] 
 []

[70 <./figure/erstesmodell.jpg>]
Overfull \hbox (14.50705pt too wide) in paragraph at lines 2023--2025
\T1/cmr/m/n/10 um mir bei meinen fi-nanziellen An-gele-gen-heiten zu helfen, se
hr zufrieden. 
 []

[71]
Overfull \hbox (0.53824pt too wide) in paragraph at lines 2049--2051
[]\T1/cmr/m/n/10 Frage 64: Die Aus-sagen an-derer Pri-vate Banking-Kunden zur S
ervice-
 []


Overfull \hbox (12.7297pt too wide) in paragraph at lines 2067--2069
[]\T1/cmr/m/n/10 Frage 15: Mein Be-rater antwortet auf schriftliche An-fra-gen 
un-verzüglich. 
 []

[72]
Overfull \hbox (3.28757pt too wide) in paragraph at lines 2118--2120
[]\T1/cmr/m/n/10 Frage 91: Ich habe meine Be-treu-ungs-form aus mehreren Möglic
hkeiten
 []


Overfull \hbox (13.81277pt too wide) in paragraph at lines 2127--2129
[]\T1/cmr/m/n/10 Frage 70: Beim An-lagevorschlag wur-den keine bes-timmten Un-t
ernehmen
 []

[73]
Overfull \hbox (29.36453pt too wide) in paragraph at lines 2146--2148
[]\T1/cmr/m/n/10 Frage 81: Das Ver-mö-gen-sre-port-ing ist über-sichtlich/ an-s
chaulich dargestellt. 
 []

[74] [75] <figure/zweitesmodell.jpg, id=824, 698.61pt x 489.62926pt>
File: figure/zweitesmodell.jpg Graphic file (type jpg)

<use figure/zweitesmodell.jpg>
Package pdftex.def Info: figure/zweitesmodell.jpg used on input line 2271.
(pdftex.def)             Requested size: 616.17516pt x 431.85379pt.

Overfull \hbox (134.60185pt too wide) in paragraph at lines 2271--2272
[]| [] 
 []

[76]
Overfull \hbox (0.6771pt too wide) in paragraph at lines 2283--2284
[]\T1/cmr/m/n/10 My pri-vate bank-ing ad-viser im-me-di-ately re-sponds to writ
-ten re-quests. 
 []

[77 <./figure/zweitesmodell.jpg>] [78] [79] [80]
Overfull \hbox (5.14822pt too wide) in paragraph at lines 2406--2407
[]\T1/cmr/m/n/10 Der Aus-tausch mit an-deren Pri-vate Banking-Kunden bee-in-flu
sst meine
 []


Overfull \hbox (2.36426pt too wide) in paragraph at lines 2414--2416
\T1/cmr/m/n/10 Bank, Be-rater und Kunde. Diese beschreiben un-seres Er-acht-ens
 das Grundgerüst
 []


Underfull \hbox (badness 10000) in paragraph at lines 2414--2416

 []

<figure/finalesmodell.png, id=857, 751.00575pt x 443.85825pt>
File: figure/finalesmodell.png Graphic file (type png)

<use figure/finalesmodell.png>
Package pdftex.def Info: figure/finalesmodell.png used on input line 2418.
(pdftex.def)             Requested size: 623.33463pt x 368.40224pt.

Overfull \hbox (141.76132pt too wide) in paragraph at lines 2418--2419
[]| [] 
 []

[81]
Overfull \hbox (13.81277pt too wide) in paragraph at lines 2428--2430
[]\T1/cmr/m/n/10 Frage 70: Beim An-lagevorschlag wur-den keine bes-timmten Un-t
ernehmen
 []

[82 <./figure/finalesmodell.png>]
Overfull \hbox (12.7297pt too wide) in paragraph at lines 2489--2491
[]\T1/cmr/m/n/10 Frage 15: Mein Be-rater antwortet auf schriftliche An-fra-gen 
un-verzüglich. 
 []

[83]
Overfull \hbox (0.53824pt too wide) in paragraph at lines 2507--2509
[]\T1/cmr/m/n/10 Frage 64: Die Aus-sagen an-derer Pri-vate Banking-Kunden zur S
ervice-
 []


Overfull \hbox (3.28757pt too wide) in paragraph at lines 2525--2527
[]\T1/cmr/m/n/10 Frage 91: Ich habe meine Be-treu-ungs-form aus mehreren Möglic
hkeiten
 []

[84]
Overfull \hbox (17.28415pt too wide) in paragraph at lines 2590--2592
\T1/cmr/m/n/10 um mir bei meinem fi-nanziellen An-gele-gen-heiten zu helfen, se
hr zufrieden. 
 []

[85] [86]
Package color Info: Redefining color shadecolor on input line 2622.

Overfull \hbox (74.89746pt too wide) in paragraph at lines 2627--2627
[][]\T1/cmtt/m/n/10 CBdata[] []<-[] []read.csv[][]([][]"/home/jannic/Schreibtis
ch/PB/Data/2014_08_30-CB_Alle_R.csv"[][])[][] 
 []


Overfull \hbox (53.90259pt too wide) in paragraph at lines 2666--2666
[]                  []\T1/cmtt/m/n/10 c[][]([][]"SQ069"[][],[][]"SQ070"[][],[][
]"SQ071"[][],[][]"SQ072"[][],[][]"SQ073"[][],[][]"SQ074"[][],[][]"SQ075"[][],[]
[] 
 []


Overfull \hbox (53.90259pt too wide) in paragraph at lines 2667--2667
[]                    []\T1/cmtt/m/n/10 "SQ001"[][],[][]"SQ047"[][],[][]"SQ076"
[][],[][]"SQ080"[][],[][]"SQ094"[][],[][]"SQ095"[][],[][]"SQ096"[][],[][] 
 []


Overfull \hbox (95.89233pt too wide) in paragraph at lines 2673--2673
[]                    []\T1/cmtt/m/n/10 "SQ025"[][],[][]"SQ026"[][],[][]"SQ027"
[][],[][]"SQ028"[][],[][]"SQ030"[][],[][]"SQ031"[][],[][]"SQ032"[][],[][]"SQ099
"[][],[][] 
 []


Overfull \hbox (53.90259pt too wide) in paragraph at lines 2677--2677
[]                    []\T1/cmtt/m/n/10 "SQ009"[][],[][]"SQ022"[][],[][]"SQ023"
[][],[][]"SQ044"[][],[][]"SQ046"[][],[][]"SQ060"[][],[][]"SQ061"[][],[][] 
 []


Overfull \hbox (137.88208pt too wide) in paragraph at lines 2678--2678
[]                    []\T1/cmtt/m/n/10 "SQ067"[][],[][]"SQ068"[][],[][]"SQ084"
[][],[][]"SQ085"[][],[][]"SQ104"[][],[][]"SQ105"[][],[][]"SQ107"[][],[][]"SQ109
"[][],[][]"SQ110"[][])[][] 
 []


Overfull \hbox (27.659pt too wide) in paragraph at lines 2682--2682
[][]\T1/cmtt/m/n/10 model[] []<-[] []plsm[][]([][]data[] []= CBdata,[] []strucm
od[][]=latentvar,[] []measuremod[][]=indicators)[][] 
 []


Overfull \hbox (32.90771pt too wide) in paragraph at lines 2685--2685
[][]\T1/cmtt/m/n/10 final_model[] []<-[] []sempls[][]([][]model[] []= model,[][
]data[] []= CBdata,[][]maxit[][]=[][]50[][],[][]wscheme[][]=[][]"pw"[][])[][] 
 []


Overfull \hbox (32.90771pt too wide) in paragraph at lines 2694--2694
[]\T1/cmtt/m/n/10 ## are not taken into acount, due to missings in the manifest
 variables.[] 
 []


Overfull \hbox (48.65387pt too wide) in paragraph at lines 2704--2704
[][]\T1/cmtt/m/n/10 pathDiagram[][](final_model,[] []file[] []=[] []"PB-structu
re-final"[][],[] []edge.labels[] []=[] []"both"[][],[][] 
 []


Overfull \hbox (74.89746pt too wide) in paragraph at lines 2705--2705
[]            []\T1/cmtt/m/n/10 output.type[] []=[] []"graphics"[][],[] []digit
s[] []=[] []3[][],[] []rSquared[][]=final_model_rSquared)[][] 
 []


Overfull \hbox (27.659pt too wide) in paragraph at lines 2709--2709
[]\T1/cmtt/m/n/10 ## Running  dot -Tpdf -o PB-structure-final.pdf  PB-structure
-final.dot[] 
 []

[87

] [88] <PB-structure-final.pdf, id=902, 543.02875pt x 650.43pt>
File: PB-structure-final.pdf Graphic file (type pdf)

<use PB-structure-final.pdf>
Package pdftex.def Info: PB-structure-final.pdf used on input line 2717.
(pdftex.def)             Requested size: 543.0274pt x 650.4284pt.

Overfull \hbox (112.66914pt too wide) in paragraph at lines 2717--2718
 []| [] 
 []


LaTeX Warning: Float too large for page by 110.14601pt on input line 2720.


LaTeX Warning: `!h' float specifier changed to `!ht'.

[89 <./PB-structure-final.pdf>]
<figure/beurteilung.jpg, id=916, 602.25pt x 301.125pt>
File: figure/beurteilung.jpg Graphic file (type jpg)

<use figure/beurteilung.jpg>
Package pdftex.def Info: figure/beurteilung.jpg used on input line 2745.
(pdftex.def)             Requested size: 345.0pt x 172.50684pt.
 [90


] [91 <./figure/beurteilung.jpg>] [92]
(./pb-report.bbl [93]
Underfull \hbox (badness 1383) in paragraph at lines 109--113
[]\T1/cmr/m/n/10 Lutz Hilde-brandt.  Kausal-an-a-lytis-che va-li-dierung in der
 mar-ket-ing-
 []

[94])
Package atveryend Info: Empty hook `BeforeClearDocument' on input line 2765.
 [95]
Package atveryend Info: Empty hook `AfterLastShipout' on input line 2765.
 (./pb-report.aux)
Package atveryend Info: Executing hook `AtVeryEndDocument' on input line 2765.
Package atveryend Info: Executing hook `AtEndAfterFileList' on input line 2765.

Package rerunfilecheck Info: File `pb-report.out' has not changed.
(rerunfilecheck)             Checksum: 9C77052E4216AABA680EB3FAD60B4B3B;1189.
Package atveryend Info: Empty hook `AtVeryVeryEnd' on input line 2765.
 ) 
Here is how much of TeX's memory you used:
 8523 strings out of 494935
 121983 string characters out of 6178123
 226554 words of memory out of 5000000
 11335 multiletter control sequences out of 15000+600000
 18920 words of font info for 60 fonts, out of 8000000 for 9000
 36 hyphenation exceptions out of 8191
 39i,18n,45p,2816b,481s stack positions out of 5000i,500n,10000p,200000b,80000s
 </home/jannic/.texmf-var/fonts/pk/ljfour/jknappen/ec/ecti1000.600pk> </home/
jannic/.texmf-var/fonts/pk/ljfour/jknappen/ec/tcit1000.600pk> </home/jannic/.te
xmf-var/fonts/pk/ljfour/jknappen/ec/ecit1000.600pk> </home/jannic/.texmf-var/fo
nts/pk/ljfour/jknappen/ec/tctt1000.600pk> </home/jannic/.texmf-var/fonts/pk/ljf
our/jknappen/ec/ectt1000.600pk> </home/jannic/.texmf-var/fonts/pk/ljfour/jknapp
en/ec/ecbx1200.600pk> </home/jannic/.texmf-var/fonts/pk/ljfour/jknappen/ec/tcrm
1000.600pk> </home/jannic/.texmf-var/fonts/pk/ljfour/jknappen/ec/ecrm1000.600pk
> </home/jannic/.texmf-var/fonts/pk/ljfour/jknappen/ec/ecbx1000.600pk> </home/j
annic/.texmf-var/fonts/pk/ljfour/jknappen/ec/ectt1200.600pk> </home/jannic/.tex
mf-var/fonts/pk/ljfour/jknappen/ec/ecrm1200.600pk> </home/jannic/.texmf-var/fon
ts/pk/ljfour/jknappen/ec/ecbx1440.600pk></usr/share/texlive/texmf-dist/fonts/ty
pe1/public/amsfonts/cm/cmex10.pfb></usr/share/texlive/texmf-dist/fonts/type1/pu
blic/amsfonts/cm/cmmi10.pfb></usr/share/texlive/texmf-dist/fonts/type1/public/a
msfonts/cm/cmmi5.pfb></usr/share/texlive/texmf-dist/fonts/type1/public/amsfonts
/cm/cmmi7.pfb></usr/share/texlive/texmf-dist/fonts/type1/public/amsfonts/cm/cmr
10.pfb></usr/share/texlive/texmf-dist/fonts/type1/public/amsfonts/cm/cmr7.pfb><
/usr/share/texlive/texmf-dist/fonts/type1/public/amsfonts/cm/cmsy10.pfb></usr/s
hare/texlive/texmf-dist/fonts/type1/public/amsfonts/cm/cmsy7.pfb></usr/share/te
xlive/texmf-dist/fonts/type1/urw/helvetic/uhvr8a.pfb>
Output written on pb-report.pdf (97 pages, 4077600 bytes).
PDF statistics:
 1573 PDF objects out of 1728 (max. 8388607)
 882 compressed objects within 9 object streams
 227 named destinations out of 1000 (max. 500000)
 328 words of extra memory for PDF output out of 10000 (max. 10000000)

