\BOOKMARK [1][-]{section.1}{Einleitung}{}% 1
\BOOKMARK [1][-]{section.2}{Methodik}{}% 2
\BOOKMARK [2][-]{subsection.2.1}{Strukturgleichungsmodelle}{section.2}% 3
\BOOKMARK [3][-]{subsubsection.2.1.1}{Partial-Least-Squares-Verfahren}{subsection.2.1}% 4
\BOOKMARK [1][-]{section.3}{Fragebogen}{}% 5
\BOOKMARK [1][-]{section.4}{Software}{}% 6
\BOOKMARK [2][-]{subsection.4.1}{SmartPLS}{section.4}% 7
\BOOKMARK [2][-]{subsection.4.2}{R-Pakete}{section.4}% 8
\BOOKMARK [3][-]{subsubsection.4.2.1}{plspm}{subsection.4.2}% 9
\BOOKMARK [3][-]{subsubsection.4.2.2}{semPLS}{subsection.4.2}% 10
\BOOKMARK [3][-]{subsubsection.4.2.3}{knitr}{subsection.4.2}% 11
\BOOKMARK [2][-]{subsection.4.3}{SmartPLS Modell einlesen}{section.4}% 12
\BOOKMARK [2][-]{subsection.4.4}{Vergleich smartPLS und R}{section.4}% 13
\BOOKMARK [2][-]{subsection.4.5}{Validation}{section.4}% 14
\BOOKMARK [3][-]{subsubsection.4.5.1}{reflektives Messmodell}{subsection.4.5}% 15
\BOOKMARK [3][-]{subsubsection.4.5.2}{Strukturmodell}{subsection.4.5}% 16
\BOOKMARK [1][-]{section.5}{Resultate}{}% 17
\BOOKMARK [2][-]{subsection.5.1}{Eigenes Modell nach Bukrhardt}{section.5}% 18
\BOOKMARK [2][-]{subsection.5.2}{Nachbildung Modell Seiler}{section.5}% 19
\BOOKMARK [2][-]{subsection.5.3}{Eigenes Modell nach Seiler}{section.5}% 20
\BOOKMARK [1][-]{section.6}{Diskussion}{}% 21
\BOOKMARK [1][-]{section.7}{Ausblick}{}% 22
